{"/home/travis/build/npmtest/node-npmtest-backbone/test.js":{"path":"/home/travis/build/npmtest/node-npmtest-backbone/test.js","s":{"1":2,"2":2,"3":2,"4":2,"5":2,"6":2,"7":2,"8":1,"9":2,"10":2,"11":1,"12":1,"13":1,"14":1,"15":2,"16":2,"17":2,"18":2,"19":1,"20":1,"21":2,"22":2,"23":2,"24":1,"25":1,"26":1,"27":1,"28":1,"29":1,"30":1,"31":1,"32":1,"33":1,"34":1,"35":1,"36":1,"37":2,"38":2,"39":1,"40":2,"41":2,"42":1,"43":2,"44":2,"45":1,"46":2,"47":2,"48":1,"49":1,"50":1,"51":1,"52":1},"b":{"1":[2,1,1,1],"2":[1,1,1,1],"3":[1,1],"4":[1,1],"5":[1,1],"6":[1,1],"7":[1,1],"8":[1,1],"9":[1,1,1],"10":[1,1],"11":[1,1],"12":[1,1],"13":[1,1],"14":[1,1],"15":[1,1],"16":[1,1]},"f":{"1":2,"2":2,"3":2,"4":2,"5":2,"6":1,"7":1,"8":2,"9":2,"10":2,"11":2,"12":1},"fnMap":{"1":{"name":"(anonymous_1)","line":12,"loc":{"start":{"line":12,"column":1},"end":{"line":12,"column":13}}},"2":{"name":"(anonymous_2)","line":19,"loc":{"start":{"line":19,"column":5},"end":{"line":19,"column":17}}},"3":{"name":"(anonymous_3)","line":23,"loc":{"start":{"line":23,"column":24},"end":{"line":23,"column":36}}},"4":{"name":"(anonymous_4)","line":61,"loc":{"start":{"line":61,"column":5},"end":{"line":61,"column":17}}},"5":{"name":"(anonymous_5)","line":82,"loc":{"start":{"line":82,"column":5},"end":{"line":82,"column":17}}},"6":{"name":"(anonymous_6)","line":102,"loc":{"start":{"line":102,"column":83},"end":{"line":105,"column":10}},"skip":true},"7":{"name":"(anonymous_7)","line":113,"loc":{"start":{"line":113,"column":77},"end":{"line":116,"column":10}},"skip":true},"8":{"name":"(anonymous_8)","line":129,"loc":{"start":{"line":129,"column":12},"end":{"line":129,"column":40}},"skip":true},"9":{"name":"(anonymous_9)","line":137,"loc":{"start":{"line":137,"column":77},"end":{"line":140,"column":10}},"skip":true},"10":{"name":"(anonymous_10)","line":148,"loc":{"start":{"line":148,"column":83},"end":{"line":151,"column":10}},"skip":true},"11":{"name":"(anonymous_11)","line":159,"loc":{"start":{"line":159,"column":79},"end":{"line":162,"column":10}},"skip":true},"12":{"name":"(anonymous_12)","line":170,"loc":{"start":{"line":170,"column":75},"end":{"line":173,"column":10}},"skip":true}},"statementMap":{"1":{"start":{"line":12,"column":0},"end":{"line":185,"column":5}},"2":{"start":{"line":14,"column":4},"end":{"line":14,"column":14}},"3":{"start":{"line":19,"column":4},"end":{"line":56,"column":9}},"4":{"start":{"line":21,"column":8},"end":{"line":21,"column":19}},"5":{"start":{"line":23,"column":8},"end":{"line":35,"column":13}},"6":{"start":{"line":24,"column":12},"end":{"line":34,"column":13}},"7":{"start":{"line":25,"column":16},"end":{"line":28,"column":30}},"8":{"start":{"line":30,"column":16},"end":{"line":33,"column":27}},"9":{"start":{"line":37,"column":8},"end":{"line":39,"column":21}},"10":{"start":{"line":40,"column":8},"end":{"line":53,"column":9}},"11":{"start":{"line":43,"column":12},"end":{"line":46,"column":14}},"12":{"start":{"line":47,"column":12},"end":{"line":47,"column":18}},"13":{"start":{"line":50,"column":12},"end":{"line":51,"column":46}},"14":{"start":{"line":52,"column":12},"end":{"line":52,"column":18}},"15":{"start":{"line":55,"column":8},"end":{"line":55,"column":35}},"16":{"start":{"line":61,"column":4},"end":{"line":63,"column":9}},"17":{"start":{"line":62,"column":8},"end":{"line":62,"column":15}},"18":{"start":{"line":64,"column":4},"end":{"line":77,"column":5}},"19":{"start":{"line":70,"column":8},"end":{"line":70,"column":14}},"20":{"start":{"line":76,"column":8},"end":{"line":76,"column":14}},"21":{"start":{"line":82,"column":4},"end":{"line":84,"column":9}},"22":{"start":{"line":83,"column":8},"end":{"line":83,"column":15}},"23":{"start":{"line":85,"column":4},"end":{"line":184,"column":5}},"24":{"start":{"line":92,"column":8},"end":{"line":94,"column":63}},"25":{"start":{"line":95,"column":8},"end":{"line":95,"column":14}},"26":{"start":{"line":102,"column":8},"end":{"line":111,"column":10},"skip":true},"27":{"start":{"line":109,"column":12},"end":{"line":109,"column":55},"skip":true},"28":{"start":{"line":110,"column":12},"end":{"line":110,"column":48},"skip":true},"29":{"start":{"line":113,"column":8},"end":{"line":126,"column":10},"skip":true},"30":{"start":{"line":120,"column":12},"end":{"line":120,"column":76},"skip":true},"31":{"start":{"line":121,"column":12},"end":{"line":121,"column":73},"skip":true},"32":{"start":{"line":122,"column":12},"end":{"line":122,"column":74},"skip":true},"33":{"start":{"line":123,"column":12},"end":{"line":123,"column":79},"skip":true},"34":{"start":{"line":124,"column":12},"end":{"line":124,"column":25},"skip":true},"35":{"start":{"line":125,"column":12},"end":{"line":125,"column":45},"skip":true},"36":{"start":{"line":128,"column":8},"end":{"line":135,"column":14},"skip":true},"37":{"start":{"line":133,"column":16},"end":{"line":133,"column":29},"skip":true},"38":{"start":{"line":134,"column":16},"end":{"line":134,"column":55},"skip":true},"39":{"start":{"line":137,"column":8},"end":{"line":146,"column":10},"skip":true},"40":{"start":{"line":144,"column":12},"end":{"line":144,"column":25},"skip":true},"41":{"start":{"line":145,"column":12},"end":{"line":145,"column":45},"skip":true},"42":{"start":{"line":148,"column":8},"end":{"line":157,"column":10},"skip":true},"43":{"start":{"line":155,"column":12},"end":{"line":155,"column":25},"skip":true},"44":{"start":{"line":156,"column":12},"end":{"line":156,"column":48},"skip":true},"45":{"start":{"line":159,"column":8},"end":{"line":168,"column":10},"skip":true},"46":{"start":{"line":166,"column":12},"end":{"line":166,"column":25},"skip":true},"47":{"start":{"line":167,"column":12},"end":{"line":167,"column":46},"skip":true},"48":{"start":{"line":170,"column":8},"end":{"line":179,"column":10},"skip":true},"49":{"start":{"line":177,"column":12},"end":{"line":177,"column":94},"skip":true},"50":{"start":{"line":178,"column":12},"end":{"line":178,"column":48},"skip":true},"51":{"start":{"line":182,"column":8},"end":{"line":182,"column":35},"skip":true},"52":{"start":{"line":183,"column":8},"end":{"line":183,"column":14},"skip":true}},"branchMap":{"1":{"line":25,"type":"binary-expr","locations":[{"start":{"line":25,"column":23},"end":{"line":25,"column":62}},{"start":{"line":26,"column":20},"end":{"line":26,"column":70}},{"start":{"line":27,"column":20},"end":{"line":27,"column":71}},{"start":{"line":28,"column":20},"end":{"line":28,"column":29}}]},"2":{"line":30,"type":"binary-expr","locations":[{"start":{"line":30,"column":23},"end":{"line":30,"column":37}},{"start":{"line":31,"column":20},"end":{"line":31,"column":61}},{"start":{"line":32,"column":20},"end":{"line":32,"column":70}},{"start":{"line":33,"column":20},"end":{"line":33,"column":26}}]},"3":{"line":37,"type":"cond-expr","locations":[{"start":{"line":38,"column":14},"end":{"line":38,"column":20}},{"start":{"line":39,"column":14},"end":{"line":39,"column":20}}]},"4":{"line":40,"type":"switch","locations":[{"start":{"line":42,"column":8},"end":{"line":47,"column":18}},{"start":{"line":49,"column":8},"end":{"line":52,"column":18}}]},"5":{"line":44,"type":"binary-expr","locations":[{"start":{"line":44,"column":16},"end":{"line":44,"column":44}},{"start":{"line":44,"column":48},"end":{"line":44,"column":66}}]},"6":{"line":50,"type":"binary-expr","locations":[{"start":{"line":50,"column":21},"end":{"line":50,"column":49}},{"start":{"line":50,"column":53},"end":{"line":50,"column":72}}]},"7":{"line":64,"type":"switch","locations":[{"start":{"line":69,"column":4},"end":{"line":70,"column":14}},{"start":{"line":75,"column":4},"end":{"line":76,"column":14}}]},"8":{"line":85,"type":"switch","locations":[{"start":{"line":90,"column":4},"end":{"line":95,"column":14}},{"start":{"line":101,"column":4},"end":{"line":183,"column":14},"skip":true}]},"9":{"line":92,"type":"binary-expr","locations":[{"start":{"line":92,"column":18},"end":{"line":92,"column":32}},{"start":{"line":93,"column":12},"end":{"line":93,"column":53}},{"start":{"line":94,"column":12},"end":{"line":94,"column":61}}]},"10":{"line":102,"type":"binary-expr","locations":[{"start":{"line":102,"column":45},"end":{"line":102,"column":79},"skip":true},{"start":{"line":102,"column":83},"end":{"line":111,"column":9},"skip":true}]},"11":{"line":113,"type":"binary-expr","locations":[{"start":{"line":113,"column":42},"end":{"line":113,"column":73},"skip":true},{"start":{"line":113,"column":77},"end":{"line":126,"column":9},"skip":true}]},"12":{"line":128,"type":"binary-expr","locations":[{"start":{"line":128,"column":48},"end":{"line":128,"column":85},"skip":true},{"start":{"line":129,"column":12},"end":{"line":135,"column":13},"skip":true}]},"13":{"line":137,"type":"binary-expr","locations":[{"start":{"line":137,"column":42},"end":{"line":137,"column":73},"skip":true},{"start":{"line":137,"column":77},"end":{"line":146,"column":9},"skip":true}]},"14":{"line":148,"type":"binary-expr","locations":[{"start":{"line":148,"column":45},"end":{"line":148,"column":79},"skip":true},{"start":{"line":148,"column":83},"end":{"line":157,"column":9},"skip":true}]},"15":{"line":159,"type":"binary-expr","locations":[{"start":{"line":159,"column":43},"end":{"line":159,"column":75},"skip":true},{"start":{"line":159,"column":79},"end":{"line":168,"column":9},"skip":true}]},"16":{"line":170,"type":"binary-expr","locations":[{"start":{"line":170,"column":41},"end":{"line":170,"column":71},"skip":true},{"start":{"line":170,"column":75},"end":{"line":179,"column":9},"skip":true}]}},"code":["/* istanbul instrument in package npmtest_backbone */","/*jslint","    bitwise: true,","    browser: true,","    maxerr: 8,","    maxlen: 96,","    node: true,","    nomen: true,","    regexp: true,","    stupid: true","*/","(function () {","    'use strict';","    var local;","","","","    // run shared js-env code - pre-init","    (function () {","        // init local","        local = {};","        // init modeJs","        local.modeJs = (function () {","            try {","                return typeof navigator.userAgent === 'string' &&","                    typeof document.querySelector('body') === 'object' &&","                    typeof XMLHttpRequest.prototype.open === 'function' &&","                    'browser';","            } catch (errorCaughtBrowser) {","                return module.exports &&","                    typeof process.versions.node === 'string' &&","                    typeof require('http').createServer === 'function' &&","                    'node';","            }","        }());","        // init global","        local.global = local.modeJs === 'browser'","            ? window","            : global;","        switch (local.modeJs) {","        // re-init local from window.local","        case 'browser':","            local = local.global.utility2.objectSetDefault(","                local.global.utility2_rollup || local.global.local,","                local.global.utility2","            );","            break;","        // re-init local from example.js","        case 'node':","            local = (local.global.utility2_rollup || require('utility2'))","                .requireExampleJsFromReadme();","            break;","        }","        // export local","        local.global.local = local;","    }());","","","","    // run shared js-env code - function","    (function () {","        return;","    }());","    switch (local.modeJs) {","","","","    // run browser js-env code - function","    case 'browser':","        break;","","","","    // run node js-env code - function","    case 'node':","        break;","    }","","","","    // run shared js-env code - post-init","    (function () {","        return;","    }());","    switch (local.modeJs) {","","","","    // run browser js-env code - post-init","    case 'browser':","        // run tests","        local.nop(local.modeTest &&","            document.querySelector('#testRunButton1') &&","            document.querySelector('#testRunButton1').click());","        break;","","","","    // run node js-env code - post-init","    /* istanbul ignore next */","    case 'node':","        local.testCase_buildApidoc_default = local.testCase_buildApidoc_default || function (","            options,","            onError","        ) {","        /*","         * this function will test buildApidoc's default handling-behavior-behavior","         */","            options = { modulePathList: module.paths };","            local.buildApidoc(options, onError);","        };","","        local.testCase_buildApp_default = local.testCase_buildApp_default || function (","            options,","            onError","        ) {","        /*","         * this function will test buildApp's default handling-behavior-behavior","         */","            local.testCase_buildReadme_default(options, local.onErrorThrow);","            local.testCase_buildLib_default(options, local.onErrorThrow);","            local.testCase_buildTest_default(options, local.onErrorThrow);","            local.testCase_buildCustomOrg_default(options, local.onErrorThrow);","            options = [];","            local.buildApp(options, onError);","        };","","        local.testCase_buildCustomOrg_default = local.testCase_buildCustomOrg_default ||","            function (options, onError) {","            /*","             * this function will test buildCustomOrg's default handling-behavior","             */","                options = {};","                local.buildCustomOrg(options, onError);","            };","","        local.testCase_buildLib_default = local.testCase_buildLib_default || function (","            options,","            onError","        ) {","        /*","         * this function will test buildLib's default handling-behavior","         */","            options = {};","            local.buildLib(options, onError);","        };","","        local.testCase_buildReadme_default = local.testCase_buildReadme_default || function (","            options,","            onError","        ) {","        /*","         * this function will test buildReadme's default handling-behavior-behavior","         */","            options = {};","            local.buildReadme(options, onError);","        };","","        local.testCase_buildTest_default = local.testCase_buildTest_default || function (","            options,","            onError","        ) {","        /*","         * this function will test buildTest's default handling-behavior","         */","            options = {};","            local.buildTest(options, onError);","        };","","        local.testCase_webpage_default = local.testCase_webpage_default || function (","            options,","            onError","        ) {","        /*","         * this function will test webpage's default handling-behavior","         */","            options = { modeCoverageMerge: true, url: local.serverLocalHost + '?modeTest=1' };","            local.browserTest(options, onError);","        };","","        // run test-server","        local.testRunServer(local);","        break;","    }","}());",""],"l":{"12":2,"14":2,"19":2,"21":2,"23":2,"24":2,"25":2,"30":1,"37":2,"40":2,"43":1,"47":1,"50":1,"52":1,"55":2,"61":2,"62":2,"64":2,"70":1,"76":1,"82":2,"83":2,"85":2,"92":1,"95":1,"102":1,"109":1,"110":1,"113":1,"120":1,"121":1,"122":1,"123":1,"124":1,"125":1,"128":1,"133":2,"134":2,"137":1,"144":2,"145":2,"148":1,"155":2,"156":2,"159":1,"166":2,"167":2,"170":1,"177":1,"178":1,"182":1,"183":1}},"/home/travis/build/npmtest/node-npmtest-backbone/lib.npmtest_backbone.js":{"path":"/home/travis/build/npmtest/node-npmtest-backbone/lib.npmtest_backbone.js","s":{"1":2,"2":2,"3":2,"4":2,"5":2,"6":2,"7":2,"8":1,"9":2,"10":2,"11":2,"12":2,"13":1,"14":1,"15":1,"16":1},"b":{"1":[2,1,1,1],"2":[1,1,1,1],"3":[1,1],"4":[2,2],"5":[1,1]},"f":{"1":2,"2":2,"3":2},"fnMap":{"1":{"name":"(anonymous_1)","line":12,"loc":{"start":{"line":12,"column":1},"end":{"line":12,"column":13}}},"2":{"name":"(anonymous_2)","line":19,"loc":{"start":{"line":19,"column":5},"end":{"line":19,"column":17}}},"3":{"name":"(anonymous_3)","line":23,"loc":{"start":{"line":23,"column":24},"end":{"line":23,"column":36}}}},"statementMap":{"1":{"start":{"line":12,"column":0},"end":{"line":53,"column":5}},"2":{"start":{"line":14,"column":4},"end":{"line":14,"column":14}},"3":{"start":{"line":19,"column":4},"end":{"line":52,"column":9}},"4":{"start":{"line":21,"column":8},"end":{"line":21,"column":19}},"5":{"start":{"line":23,"column":8},"end":{"line":35,"column":13}},"6":{"start":{"line":24,"column":12},"end":{"line":34,"column":13}},"7":{"start":{"line":25,"column":16},"end":{"line":28,"column":30}},"8":{"start":{"line":30,"column":16},"end":{"line":33,"column":27}},"9":{"start":{"line":37,"column":8},"end":{"line":39,"column":21}},"10":{"start":{"line":41,"column":8},"end":{"line":41,"column":54}},"11":{"start":{"line":43,"column":8},"end":{"line":43,"column":53}},"12":{"start":{"line":45,"column":8},"end":{"line":51,"column":9}},"13":{"start":{"line":46,"column":12},"end":{"line":46,"column":59}},"14":{"start":{"line":48,"column":12},"end":{"line":48,"column":35}},"15":{"start":{"line":49,"column":12},"end":{"line":49,"column":49}},"16":{"start":{"line":50,"column":12},"end":{"line":50,"column":43}}},"branchMap":{"1":{"line":25,"type":"binary-expr","locations":[{"start":{"line":25,"column":23},"end":{"line":25,"column":62}},{"start":{"line":26,"column":20},"end":{"line":26,"column":70}},{"start":{"line":27,"column":20},"end":{"line":27,"column":71}},{"start":{"line":28,"column":20},"end":{"line":28,"column":29}}]},"2":{"line":30,"type":"binary-expr","locations":[{"start":{"line":30,"column":23},"end":{"line":30,"column":37}},{"start":{"line":31,"column":20},"end":{"line":31,"column":61}},{"start":{"line":32,"column":20},"end":{"line":32,"column":70}},{"start":{"line":33,"column":20},"end":{"line":33,"column":26}}]},"3":{"line":37,"type":"cond-expr","locations":[{"start":{"line":38,"column":14},"end":{"line":38,"column":20}},{"start":{"line":39,"column":14},"end":{"line":39,"column":20}}]},"4":{"line":41,"type":"binary-expr","locations":[{"start":{"line":41,"column":16},"end":{"line":41,"column":44}},{"start":{"line":41,"column":48},"end":{"line":41,"column":53}}]},"5":{"line":45,"type":"if","locations":[{"start":{"line":45,"column":8},"end":{"line":45,"column":8}},{"start":{"line":45,"column":8},"end":{"line":45,"column":8}}]}},"code":["/* istanbul instrument in package npmtest_backbone */","/*jslint","    bitwise: true,","    browser: true,","    maxerr: 8,","    maxlen: 96,","    node: true,","    nomen: true,","    regexp: true,","    stupid: true","*/","(function () {","    'use strict';","    var local;","","","","    // run shared js-env code - pre-init","    (function () {","        // init local","        local = {};","        // init modeJs","        local.modeJs = (function () {","            try {","                return typeof navigator.userAgent === 'string' &&","                    typeof document.querySelector('body') === 'object' &&","                    typeof XMLHttpRequest.prototype.open === 'function' &&","                    'browser';","            } catch (errorCaughtBrowser) {","                return module.exports &&","                    typeof process.versions.node === 'string' &&","                    typeof require('http').createServer === 'function' &&","                    'node';","            }","        }());","        // init global","        local.global = local.modeJs === 'browser'","            ? window","            : global;","        // init utility2_rollup","        local = local.global.utility2_rollup || local;","        // init lib","        local.local = local.npmtest_backbone = local;","        // init exports","        if (local.modeJs === 'browser') {","            local.global.utility2_npmtest_backbone = local;","        } else {","            module.exports = local;","            module.exports.__dirname = __dirname;","            module.exports.module = module;","        }","    }());","}());",""],"l":{"12":2,"14":2,"19":2,"21":2,"23":2,"24":2,"25":2,"30":1,"37":2,"41":2,"43":2,"45":2,"46":1,"48":1,"49":1,"50":1}},"/home/travis/build/npmtest/node-npmtest-backbone/example.js":{"path":"/home/travis/build/npmtest/node-npmtest-backbone/example.js","s":{"1":2,"2":2,"3":2,"4":2,"5":2,"6":2,"7":2,"8":1,"9":2,"10":2,"11":2,"12":2,"13":1,"14":2,"15":2,"16":2,"17":2,"18":2,"19":0,"20":2,"21":1,"22":1,"23":1,"24":1,"25":1,"26":0,"27":0,"28":1,"29":1,"30":2,"31":0,"32":0,"33":0,"34":1,"35":2,"36":2,"37":2,"38":2,"39":2,"40":2,"41":0,"42":2,"43":2,"44":2,"45":1,"46":3,"47":1,"48":1,"49":1,"50":1,"51":1,"52":1,"53":1,"54":1,"55":1,"56":1,"57":0,"58":1,"59":6,"60":6,"61":1,"62":2,"63":0,"64":2,"65":1,"66":1,"67":0,"68":0,"69":0,"70":0,"71":0,"72":0,"73":0,"74":0,"75":0,"76":0,"77":0,"78":0,"79":0,"80":0,"81":0,"82":0,"83":0},"b":{"1":[2,1,1,1],"2":[1,1,1,1],"3":[1,1],"4":[2,2],"5":[1,1],"6":[1,1],"7":[2,0],"8":[2,1,1,1,1,1],"9":[0,2,0],"10":[1,1],"11":[2,1,1],"12":[1,0],"13":[0,2],"14":[2,0,0,0,0,0,0],"15":[0,2],"16":[2,0],"17":[1,1],"18":[0,1],"19":[1,2,0,2],"20":[1,0],"21":[1,1],"22":[0,0],"23":[0,0],"24":[0,0],"25":[0,0],"26":[0,0],"27":[0,0],"28":[0,0]},"f":{"1":2,"2":2,"3":2,"4":2,"5":2,"6":2,"7":2,"8":2,"9":3,"10":1,"11":6,"12":0},"fnMap":{"1":{"name":"(anonymous_1)","line":26,"loc":{"start":{"line":26,"column":1},"end":{"line":26,"column":13}}},"2":{"name":"(anonymous_2)","line":33,"loc":{"start":{"line":33,"column":5},"end":{"line":33,"column":17}}},"3":{"name":"(anonymous_3)","line":37,"loc":{"start":{"line":37,"column":24},"end":{"line":37,"column":36}}},"4":{"name":"(anonymous_4)","line":69,"loc":{"start":{"line":69,"column":31},"end":{"line":69,"column":48}},"skip":true},"5":{"name":"(anonymous_5)","line":78,"loc":{"start":{"line":78,"column":26},"end":{"line":78,"column":45}},"skip":true},"6":{"name":"(anonymous_6)","line":123,"loc":{"start":{"line":123,"column":33},"end":{"line":123,"column":48}},"skip":true},"7":{"name":"(anonymous_7)","line":125,"loc":{"start":{"line":125,"column":27},"end":{"line":125,"column":39}},"skip":true},"8":{"name":"(anonymous_8)","line":133,"loc":{"start":{"line":133,"column":59},"end":{"line":133,"column":74}},"skip":true},"9":{"name":"(anonymous_9)","line":143,"loc":{"start":{"line":143,"column":45},"end":{"line":143,"column":62}},"skip":true},"10":{"name":"(anonymous_10)","line":144,"loc":{"start":{"line":144,"column":73},"end":{"line":144,"column":92}},"skip":true},"11":{"name":"(anonymous_11)","line":272,"loc":{"start":{"line":272,"column":51},"end":{"line":272,"column":77}},"skip":true},"12":{"name":"(anonymous_12)","line":314,"loc":{"start":{"line":314,"column":32},"end":{"line":314,"column":61}},"skip":true}},"statementMap":{"1":{"start":{"line":26,"column":0},"end":{"line":325,"column":5}},"2":{"start":{"line":28,"column":4},"end":{"line":28,"column":14}},"3":{"start":{"line":33,"column":4},"end":{"line":60,"column":9}},"4":{"start":{"line":35,"column":8},"end":{"line":35,"column":19}},"5":{"start":{"line":37,"column":8},"end":{"line":49,"column":13}},"6":{"start":{"line":38,"column":12},"end":{"line":48,"column":13}},"7":{"start":{"line":39,"column":16},"end":{"line":42,"column":30}},"8":{"start":{"line":44,"column":16},"end":{"line":47,"column":27}},"9":{"start":{"line":51,"column":8},"end":{"line":53,"column":21}},"10":{"start":{"line":55,"column":8},"end":{"line":57,"column":45}},"11":{"start":{"line":59,"column":8},"end":{"line":59,"column":35}},"12":{"start":{"line":61,"column":4},"end":{"line":324,"column":5}},"13":{"start":{"line":69,"column":8},"end":{"line":121,"column":10},"skip":true},"14":{"start":{"line":70,"column":12},"end":{"line":88,"column":13},"skip":true},"15":{"start":{"line":76,"column":16},"end":{"line":87,"column":19},"skip":true},"16":{"start":{"line":79,"column":20},"end":{"line":86,"column":21},"skip":true},"17":{"start":{"line":82,"column":24},"end":{"line":82,"column":43},"skip":true},"18":{"start":{"line":83,"column":24},"end":{"line":83,"column":30},"skip":true},"19":{"start":{"line":85,"column":24},"end":{"line":85,"column":49},"skip":true},"20":{"start":{"line":89,"column":12},"end":{"line":107,"column":13},"skip":true},"21":{"start":{"line":92,"column":16},"end":{"line":102,"column":17},"skip":true},"22":{"start":{"line":93,"column":20},"end":{"line":93,"column":86},"skip":true},"23":{"start":{"line":94,"column":20},"end":{"line":95,"column":45},"skip":true},"24":{"start":{"line":96,"column":20},"end":{"line":96,"column":42},"skip":true},"25":{"start":{"line":97,"column":20},"end":{"line":97,"column":48},"skip":true},"26":{"start":{"line":100,"column":20},"end":{"line":100,"column":85},"skip":true},"27":{"start":{"line":101,"column":20},"end":{"line":101,"column":96},"skip":true},"28":{"start":{"line":103,"column":16},"end":{"line":103,"column":22},"skip":true},"29":{"start":{"line":106,"column":16},"end":{"line":106,"column":22},"skip":true},"30":{"start":{"line":108,"column":12},"end":{"line":120,"column":13},"skip":true},"31":{"start":{"line":114,"column":16},"end":{"line":119,"column":17},"skip":true},"32":{"start":{"line":116,"column":20},"end":{"line":116,"column":78},"skip":true},"33":{"start":{"line":118,"column":20},"end":{"line":118,"column":47},"skip":true},"34":{"start":{"line":123,"column":8},"end":{"line":141,"column":11},"skip":true},"35":{"start":{"line":124,"column":12},"end":{"line":124,"column":54},"skip":true},"36":{"start":{"line":125,"column":12},"end":{"line":140,"column":14},"skip":true},"37":{"start":{"line":126,"column":16},"end":{"line":126,"column":28},"skip":true},"38":{"start":{"line":127,"column":16},"end":{"line":127,"column":69},"skip":true},"39":{"start":{"line":128,"column":16},"end":{"line":128,"column":75},"skip":true},"40":{"start":{"line":129,"column":16},"end":{"line":131,"column":17},"skip":true},"41":{"start":{"line":130,"column":20},"end":{"line":130,"column":27},"skip":true},"42":{"start":{"line":133,"column":16},"end":{"line":137,"column":36},"skip":true},"43":{"start":{"line":134,"column":20},"end":{"line":136,"column":55},"skip":true},"44":{"start":{"line":139,"column":16},"end":{"line":139,"column":57},"skip":true},"45":{"start":{"line":143,"column":8},"end":{"line":147,"column":11},"skip":true},"46":{"start":{"line":144,"column":12},"end":{"line":146,"column":15},"skip":true},"47":{"start":{"line":145,"column":16},"end":{"line":145,"column":70},"skip":true},"48":{"start":{"line":149,"column":8},"end":{"line":149,"column":31},"skip":true},"49":{"start":{"line":150,"column":8},"end":{"line":150,"column":14},"skip":true},"50":{"start":{"line":158,"column":8},"end":{"line":158,"column":31},"skip":true},"51":{"start":{"line":160,"column":8},"end":{"line":160,"column":33},"skip":true},"52":{"start":{"line":161,"column":8},"end":{"line":161,"column":37},"skip":true},"53":{"start":{"line":162,"column":8},"end":{"line":162,"column":35},"skip":true},"54":{"start":{"line":164,"column":8},"end":{"line":164,"column":50},"skip":true},"55":{"start":{"line":166,"column":8},"end":{"line":256,"column":2},"skip":true},"56":{"start":{"line":258,"column":8},"end":{"line":286,"column":9},"skip":true},"57":{"start":{"line":259,"column":12},"end":{"line":269,"column":14},"skip":true},"58":{"start":{"line":271,"column":12},"end":{"line":285,"column":19},"skip":true},"59":{"start":{"line":274,"column":20},"end":{"line":274,"column":35},"skip":true},"60":{"start":{"line":275,"column":20},"end":{"line":284,"column":21},"skip":true},"61":{"start":{"line":277,"column":24},"end":{"line":277,"column":64},"skip":true},"62":{"start":{"line":279,"column":24},"end":{"line":279,"column":40},"skip":true},"63":{"start":{"line":281,"column":24},"end":{"line":281,"column":40},"skip":true},"64":{"start":{"line":283,"column":24},"end":{"line":283,"column":39},"skip":true},"65":{"start":{"line":288,"column":8},"end":{"line":290,"column":9},"skip":true},"66":{"start":{"line":289,"column":12},"end":{"line":289,"column":18},"skip":true},"67":{"start":{"line":291,"column":8},"end":{"line":293,"column":54},"skip":true},"68":{"start":{"line":294,"column":8},"end":{"line":301,"column":37},"skip":true},"69":{"start":{"line":302,"column":8},"end":{"line":302,"column":82},"skip":true},"70":{"start":{"line":305,"column":8},"end":{"line":307,"column":9},"skip":true},"71":{"start":{"line":306,"column":12},"end":{"line":306,"column":82},"skip":true},"72":{"start":{"line":309,"column":8},"end":{"line":311,"column":9},"skip":true},"73":{"start":{"line":310,"column":12},"end":{"line":310,"column":18},"skip":true},"74":{"start":{"line":312,"column":8},"end":{"line":312,"column":54},"skip":true},"75":{"start":{"line":313,"column":8},"end":{"line":313,"column":69},"skip":true},"76":{"start":{"line":314,"column":8},"end":{"line":322,"column":36},"skip":true},"77":{"start":{"line":315,"column":12},"end":{"line":315,"column":61},"skip":true},"78":{"start":{"line":316,"column":12},"end":{"line":319,"column":13},"skip":true},"79":{"start":{"line":317,"column":16},"end":{"line":317,"column":75},"skip":true},"80":{"start":{"line":318,"column":16},"end":{"line":318,"column":23},"skip":true},"81":{"start":{"line":320,"column":12},"end":{"line":320,"column":38},"skip":true},"82":{"start":{"line":321,"column":12},"end":{"line":321,"column":27},"skip":true},"83":{"start":{"line":323,"column":8},"end":{"line":323,"column":14},"skip":true}},"branchMap":{"1":{"line":39,"type":"binary-expr","locations":[{"start":{"line":39,"column":23},"end":{"line":39,"column":62}},{"start":{"line":40,"column":20},"end":{"line":40,"column":70}},{"start":{"line":41,"column":20},"end":{"line":41,"column":71}},{"start":{"line":42,"column":20},"end":{"line":42,"column":29}}]},"2":{"line":44,"type":"binary-expr","locations":[{"start":{"line":44,"column":23},"end":{"line":44,"column":37}},{"start":{"line":45,"column":20},"end":{"line":45,"column":61}},{"start":{"line":46,"column":20},"end":{"line":46,"column":70}},{"start":{"line":47,"column":20},"end":{"line":47,"column":26}}]},"3":{"line":51,"type":"cond-expr","locations":[{"start":{"line":52,"column":14},"end":{"line":52,"column":20}},{"start":{"line":53,"column":14},"end":{"line":53,"column":20}}]},"4":{"line":55,"type":"binary-expr","locations":[{"start":{"line":55,"column":16},"end":{"line":55,"column":44}},{"start":{"line":55,"column":49},"end":{"line":57,"column":43}}]},"5":{"line":55,"type":"cond-expr","locations":[{"start":{"line":56,"column":14},"end":{"line":56,"column":52}},{"start":{"line":57,"column":14},"end":{"line":57,"column":43}}]},"6":{"line":61,"type":"switch","locations":[{"start":{"line":68,"column":4},"end":{"line":150,"column":14},"skip":true},{"start":{"line":156,"column":4},"end":{"line":323,"column":14},"skip":true}]},"7":{"line":70,"type":"if","locations":[{"start":{"line":70,"column":12},"end":{"line":70,"column":12},"skip":true},{"start":{"line":70,"column":12},"end":{"line":70,"column":12},"skip":true}]},"8":{"line":70,"type":"binary-expr","locations":[{"start":{"line":70,"column":16},"end":{"line":70,"column":22},"skip":true},{"start":{"line":70,"column":27},"end":{"line":70,"column":32},"skip":true},{"start":{"line":71,"column":20},"end":{"line":71,"column":39},"skip":true},{"start":{"line":72,"column":20},"end":{"line":72,"column":49},"skip":true},{"start":{"line":73,"column":20},"end":{"line":73,"column":58},"skip":true},{"start":{"line":74,"column":20},"end":{"line":74,"column":69},"skip":true}]},"9":{"line":79,"type":"switch","locations":[{"start":{"line":80,"column":20},"end":{"line":80,"column":33},"skip":true},{"start":{"line":81,"column":20},"end":{"line":83,"column":30},"skip":true},{"start":{"line":84,"column":20},"end":{"line":85,"column":49},"skip":true}]},"10":{"line":89,"type":"switch","locations":[{"start":{"line":90,"column":12},"end":{"line":103,"column":22},"skip":true},{"start":{"line":105,"column":12},"end":{"line":106,"column":22},"skip":true}]},"11":{"line":89,"type":"binary-expr","locations":[{"start":{"line":89,"column":20},"end":{"line":89,"column":25},"skip":true},{"start":{"line":89,"column":29},"end":{"line":89,"column":48},"skip":true},{"start":{"line":89,"column":52},"end":{"line":89,"column":74},"skip":true}]},"12":{"line":92,"type":"if","locations":[{"start":{"line":92,"column":16},"end":{"line":92,"column":16},"skip":true},{"start":{"line":92,"column":16},"end":{"line":92,"column":16},"skip":true}]},"13":{"line":108,"type":"if","locations":[{"start":{"line":108,"column":12},"end":{"line":108,"column":12},"skip":true},{"start":{"line":108,"column":12},"end":{"line":108,"column":12},"skip":true}]},"14":{"line":108,"type":"binary-expr","locations":[{"start":{"line":108,"column":16},"end":{"line":108,"column":61},"skip":true},{"start":{"line":108,"column":66},"end":{"line":108,"column":72},"skip":true},{"start":{"line":108,"column":77},"end":{"line":108,"column":82},"skip":true},{"start":{"line":109,"column":20},"end":{"line":109,"column":39},"skip":true},{"start":{"line":110,"column":20},"end":{"line":110,"column":49},"skip":true},{"start":{"line":111,"column":20},"end":{"line":111,"column":58},"skip":true},{"start":{"line":112,"column":20},"end":{"line":112,"column":68},"skip":true}]},"15":{"line":129,"type":"if","locations":[{"start":{"line":129,"column":16},"end":{"line":129,"column":16},"skip":true},{"start":{"line":129,"column":16},"end":{"line":129,"column":16},"skip":true}]},"16":{"line":134,"type":"cond-expr","locations":[{"start":{"line":135,"column":26},"end":{"line":135,"column":29},"skip":true},{"start":{"line":136,"column":26},"end":{"line":136,"column":54},"skip":true}]},"17":{"line":164,"type":"binary-expr","locations":[{"start":{"line":164,"column":27},"end":{"line":164,"column":43},"skip":true},{"start":{"line":164,"column":47},"end":{"line":164,"column":49},"skip":true}]},"18":{"line":258,"type":"if","locations":[{"start":{"line":258,"column":8},"end":{"line":258,"column":8},"skip":true},{"start":{"line":258,"column":8},"end":{"line":258,"column":8},"skip":true}]},"19":{"line":275,"type":"switch","locations":[{"start":{"line":276,"column":20},"end":{"line":277,"column":64},"skip":true},{"start":{"line":278,"column":20},"end":{"line":279,"column":40},"skip":true},{"start":{"line":280,"column":20},"end":{"line":281,"column":40},"skip":true},{"start":{"line":282,"column":20},"end":{"line":283,"column":39},"skip":true}]},"20":{"line":288,"type":"if","locations":[{"start":{"line":288,"column":8},"end":{"line":288,"column":8},"skip":true},{"start":{"line":288,"column":8},"end":{"line":288,"column":8},"skip":true}]},"21":{"line":288,"type":"binary-expr","locations":[{"start":{"line":288,"column":12},"end":{"line":288,"column":40},"skip":true},{"start":{"line":288,"column":44},"end":{"line":288,"column":67},"skip":true}]},"22":{"line":292,"type":"binary-expr","locations":[{"start":{"line":292,"column":12},"end":{"line":292,"column":50},"skip":true},{"start":{"line":293,"column":12},"end":{"line":293,"column":53},"skip":true}]},"23":{"line":295,"type":"binary-expr","locations":[{"start":{"line":295,"column":12},"end":{"line":295,"column":66},"skip":true},{"start":{"line":296,"column":12},"end":{"line":301,"column":36},"skip":true}]},"24":{"line":302,"type":"binary-expr","locations":[{"start":{"line":302,"column":43},"end":{"line":302,"column":75},"skip":true},{"start":{"line":302,"column":79},"end":{"line":302,"column":81},"skip":true}]},"25":{"line":305,"type":"if","locations":[{"start":{"line":305,"column":8},"end":{"line":305,"column":8},"skip":true},{"start":{"line":305,"column":8},"end":{"line":305,"column":8},"skip":true}]},"26":{"line":309,"type":"if","locations":[{"start":{"line":309,"column":8},"end":{"line":309,"column":8},"skip":true},{"start":{"line":309,"column":8},"end":{"line":309,"column":8},"skip":true}]},"27":{"line":312,"type":"binary-expr","locations":[{"start":{"line":312,"column":27},"end":{"line":312,"column":43},"skip":true},{"start":{"line":312,"column":47},"end":{"line":312,"column":53},"skip":true}]},"28":{"line":316,"type":"if","locations":[{"start":{"line":316,"column":12},"end":{"line":316,"column":12},"skip":true},{"start":{"line":316,"column":12},"end":{"line":316,"column":12},"skip":true}]}},"code":["/*","example.js","","quickstart example","","instruction","    1. save this script as example.js","    2. run the shell command:","        $ npm install npmtest-backbone && PORT=8081 node example.js","    3. play with the browser-demo on http://127.0.0.1:8081","*/","","","","/* istanbul instrument in package npmtest_backbone */","/*jslint","    bitwise: true,","    browser: true,","    maxerr: 8,","    maxlen: 96,","    node: true,","    nomen: true,","    regexp: true,","    stupid: true","*/","(function () {","    'use strict';","    var local;","","","","    // run shared js-env code - pre-init","    (function () {","        // init local","        local = {};","        // init modeJs","        local.modeJs = (function () {","            try {","                return typeof navigator.userAgent === 'string' &&","                    typeof document.querySelector('body') === 'object' &&","                    typeof XMLHttpRequest.prototype.open === 'function' &&","                    'browser';","            } catch (errorCaughtBrowser) {","                return module.exports &&","                    typeof process.versions.node === 'string' &&","                    typeof require('http').createServer === 'function' &&","                    'node';","            }","        }());","        // init global","        local.global = local.modeJs === 'browser'","            ? window","            : global;","        // init utility2_rollup","        local = local.global.utility2_rollup || (local.modeJs === 'browser'","            ? local.global.utility2_npmtest_backbone","            : global.utility2_moduleExports);","        // export local","        local.global.local = local;","    }());","    switch (local.modeJs) {","","","","    // post-init","    // run browser js-env code - post-init","    /* istanbul ignore next */","    case 'browser':","        local.testRunBrowser = function (event) {","            if (!event || (event &&","                    event.currentTarget &&","                    event.currentTarget.className &&","                    event.currentTarget.className.includes &&","                    event.currentTarget.className.includes('onreset'))) {","                // reset output","                Array.from(","                    document.querySelectorAll('body > .resettable')","                ).forEach(function (element) {","                    switch (element.tagName) {","                    case 'INPUT':","                    case 'TEXTAREA':","                        element.value = '';","                        break;","                    default:","                        element.textContent = '';","                    }","                });","            }","            switch (event && event.currentTarget && event.currentTarget.id) {","            case 'testRunButton1':","                // show tests","                if (document.querySelector('#testReportDiv1').style.display === 'none') {","                    document.querySelector('#testReportDiv1').style.display = 'block';","                    document.querySelector('#testRunButton1').textContent =","                        'hide internal test';","                    local.modeTest = true;","                    local.testRunDefault(local);","                // hide tests","                } else {","                    document.querySelector('#testReportDiv1').style.display = 'none';","                    document.querySelector('#testRunButton1').textContent = 'run internal test';","                }","                break;","            // custom-case","            default:","                break;","            }","            if (document.querySelector('#inputTextareaEval1') && (!event || (event &&","                    event.currentTarget &&","                    event.currentTarget.className &&","                    event.currentTarget.className.includes &&","                    event.currentTarget.className.includes('oneval')))) {","                // try to eval input-code","                try {","                    /*jslint evil: true*/","                    eval(document.querySelector('#inputTextareaEval1').value);","                } catch (errorCaught) {","                    console.error(errorCaught);","                }","            }","        };","        // log stderr and stdout to #outputTextareaStdout1","        ['error', 'log'].forEach(function (key) {","            console[key + '_original'] = console[key];","            console[key] = function () {","                var element;","                console[key + '_original'].apply(console, arguments);","                element = document.querySelector('#outputTextareaStdout1');","                if (!element) {","                    return;","                }","                // append text to #outputTextareaStdout1","                element.value += Array.from(arguments).map(function (arg) {","                    return typeof arg === 'string'","                        ? arg","                        : JSON.stringify(arg, null, 4);","                }).join(' ') + '\\n';","                // scroll textarea to bottom","                element.scrollTop = element.scrollHeight;","            };","        });","        // init event-handling","        ['change', 'click', 'keyup'].forEach(function (event) {","            Array.from(document.querySelectorAll('.on' + event)).forEach(function (element) {","                element.addEventListener(event, local.testRunBrowser);","            });","        });","        // run tests","        local.testRunBrowser();","        break;","","","","    // run node js-env code - post-init","    /* istanbul ignore next */","    case 'node':","        // export local","        module.exports = local;","        // require modules","        local.fs = require('fs');","        local.http = require('http');","        local.url = require('url');","        // init assets","        local.assetsDict = local.assetsDict || {};","        /* jslint-ignore-begin */","        local.assetsDict['/assets.index.template.html'] = '\\","<!doctype html>\\n\\","<html lang=\"en\">\\n\\","<head>\\n\\","<meta charset=\"UTF-8\">\\n\\","<meta name=\"viewport\" content=\"width=device-width, initial-scale=1\">\\n\\","<title>{{env.npm_package_name}} (v{{env.npm_package_version}})</title>\\n\\","<style>\\n\\","/*csslint\\n\\","    box-sizing: false,\\n\\","    universal-selector: false\\n\\","*/\\n\\","* {\\n\\","    box-sizing: border-box;\\n\\","}\\n\\","body {\\n\\","    background: #dde;\\n\\","    font-family: Arial, Helvetica, sans-serif;\\n\\","    margin: 2rem;\\n\\","}\\n\\","body > * {\\n\\","    margin-bottom: 1rem;\\n\\","}\\n\\",".utility2FooterDiv {\\n\\","    margin-top: 20px;\\n\\","    text-align: center;\\n\\","}\\n\\","</style>\\n\\","<style>\\n\\","/*csslint\\n\\","*/\\n\\","textarea {\\n\\","    font-family: monospace;\\n\\","    height: 10rem;\\n\\","    width: 100%;\\n\\","}\\n\\","textarea[readonly] {\\n\\","    background: #ddd;\\n\\","}\\n\\","</style>\\n\\","</head>\\n\\","<body>\\n\\","<!-- utility2-comment\\n\\","<div id=\"ajaxProgressDiv1\" style=\"background: #d00; height: 2px; left: 0; margin: 0; padding: 0; position: fixed; top: 0; transition: background 0.5s, width 1.5s; width: 25%;\"></div>\\n\\","utility2-comment -->\\n\\","<h1>\\n\\","<!-- utility2-comment\\n\\","    <a\\n\\","        {{#if env.npm_package_homepage}}\\n\\","        href=\"{{env.npm_package_homepage}}\"\\n\\","        {{/if env.npm_package_homepage}}\\n\\","        target=\"_blank\"\\n\\","    >\\n\\","utility2-comment -->\\n\\","        {{env.npm_package_name}} (v{{env.npm_package_version}})\\n\\","<!-- utility2-comment\\n\\","    </a>\\n\\","utility2-comment -->\\n\\","</h1>\\n\\","<h3>{{env.npm_package_description}}</h3>\\n\\","<!-- utility2-comment\\n\\","<h4><a download href=\"assets.app.js\">download standalone app</a></h4>\\n\\","<button class=\"onclick onreset\" id=\"testRunButton1\">run internal test</button><br>\\n\\","<div id=\"testReportDiv1\" style=\"display: none;\"></div>\\n\\","utility2-comment -->\\n\\","\\n\\","\\n\\","\\n\\","<label>stderr and stdout</label>\\n\\","<textarea class=\"resettable\" id=\"outputTextareaStdout1\" readonly></textarea>\\n\\","<!-- utility2-comment\\n\\","{{#if isRollup}}\\n\\","<script src=\"assets.app.js\"></script>\\n\\","{{#unless isRollup}}\\n\\","utility2-comment -->\\n\\","<script src=\"assets.utility2.rollup.js\"></script>\\n\\","<script src=\"jsonp.utility2._stateInit?callback=window.utility2._stateInit\"></script>\\n\\","<script src=\"assets.npmtest_backbone.rollup.js\"></script>\\n\\","<script src=\"assets.example.js\"></script>\\n\\","<script src=\"assets.test.js\"></script>\\n\\","<!-- utility2-comment\\n\\","{{/if isRollup}}\\n\\","utility2-comment -->\\n\\","<div class=\"utility2FooterDiv\">\\n\\","    [ this app was created with\\n\\","    <a href=\"https://github.com/kaizhu256/node-utility2\" target=\"_blank\">utility2</a>\\n\\","    ]\\n\\","</div>\\n\\","</body>\\n\\","</html>\\n\\","';","        /* jslint-ignore-end */","        if (local.templateRender) {","            local.assetsDict['/'] = local.templateRender(","                local.assetsDict['/assets.index.template.html'],","                {","                    env: local.objectSetDefault(local.env, {","                        npm_package_description: 'the greatest app in the world!',","                        npm_package_name: 'my-app',","                        npm_package_nameAlias: 'my_app',","                        npm_package_version: '0.0.1'","                    })","                }","            );","        } else {","            local.assetsDict['/'] = local.assetsDict['/assets.index.template.html']","                .replace((/\\{\\{env\\.(\\w+?)\\}\\}/g), function (match0, match1) {","                    // jslint-hack","                    String(match0);","                    switch (match1) {","                    case 'npm_package_description':","                        return 'the greatest app in the world!';","                    case 'npm_package_name':","                        return 'my-app';","                    case 'npm_package_nameAlias':","                        return 'my_app';","                    case 'npm_package_version':","                        return '0.0.1';","                    }","                });","        }","        // run the cli","        if (local.global.utility2_rollup || module !== require.main) {","            break;","        }","        local.assetsDict['/assets.example.js'] =","            local.assetsDict['/assets.example.js'] ||","            local.fs.readFileSync(__filename, 'utf8');","        local.assetsDict['/assets.npmtest_backbone.rollup.js'] =","            local.assetsDict['/assets.npmtest_backbone.rollup.js'] ||","            local.fs.readFileSync(","                // buildCustomOrg-hack","                local.npmtest_backbone.__dirname +","                    '/lib.npmtest_backbone.js',","                'utf8'","            ).replace((/^#!/), '//');","        local.assetsDict['/favicon.ico'] = local.assetsDict['/favicon.ico'] || '';","        // if $npm_config_timeout_exit exists,","        // then exit this process after $npm_config_timeout_exit ms","        if (Number(process.env.npm_config_timeout_exit)) {","            setTimeout(process.exit, Number(process.env.npm_config_timeout_exit));","        }","        // start server","        if (local.global.utility2_serverHttp1) {","            break;","        }","        process.env.PORT = process.env.PORT || '8081';","        console.error('server starting on port ' + process.env.PORT);","        local.http.createServer(function (request, response) {","            request.urlParsed = local.url.parse(request.url);","            if (local.assetsDict[request.urlParsed.pathname] !== undefined) {","                response.end(local.assetsDict[request.urlParsed.pathname]);","                return;","            }","            response.statusCode = 404;","            response.end();","        }).listen(process.env.PORT);","        break;","    }","}());",""],"l":{"26":2,"28":2,"33":2,"35":2,"37":2,"38":2,"39":2,"44":1,"51":2,"55":2,"59":2,"61":2,"69":1,"70":2,"76":2,"79":2,"82":2,"83":2,"85":1,"89":2,"92":1,"93":1,"94":1,"96":1,"97":1,"100":1,"101":1,"103":1,"106":1,"108":2,"114":1,"116":1,"118":1,"123":1,"124":2,"125":2,"126":2,"127":2,"128":2,"129":2,"130":1,"133":2,"134":2,"139":2,"143":1,"144":3,"145":1,"149":1,"150":1,"158":1,"160":1,"161":1,"162":1,"164":1,"166":1,"258":1,"259":1,"271":1,"274":6,"275":6,"277":1,"279":2,"281":1,"283":2,"288":1,"289":1,"291":1,"294":1,"302":1,"305":1,"306":1,"309":1,"310":1,"312":1,"313":1,"314":1,"315":1,"316":1,"317":1,"318":1,"320":1,"321":1,"323":1}},"/home/travis/build/npmtest/node-npmtest-backbone/node_modules/backbone/backbone.js":{"path":"/home/travis/build/npmtest/node-npmtest-backbone/node_modules/backbone/backbone.js","s":{"1":1,"2":1,"3":1,"4":0,"5":0,"6":1,"7":1,"8":1,"9":1,"10":1,"11":0,"12":1,"13":1,"14":1,"15":1,"16":1,"17":0,"18":0,"19":1,"20":1,"21":1,"22":57,"23":11,"24":0,"25":0,"26":0,"27":36,"28":0,"29":0,"30":0,"31":10,"32":0,"33":0,"34":0,"35":1,"36":2,"37":57,"38":57,"39":1,"40":0,"41":0,"42":0,"43":0,"44":0,"45":0,"46":0,"47":0,"48":1,"49":0,"50":0,"51":0,"52":1,"53":1,"54":1,"55":0,"56":0,"57":0,"58":0,"59":0,"60":0,"61":0,"62":0,"63":0,"64":0,"65":0,"66":1,"67":0,"68":1,"69":0,"70":0,"71":0,"72":0,"73":0,"74":1,"75":0,"76":0,"77":0,"78":0,"79":0,"80":0,"81":0,"82":0,"83":0,"84":0,"85":1,"86":0,"87":0,"88":0,"89":0,"90":0,"91":0,"92":0,"93":1,"94":0,"95":0,"96":0,"97":0,"98":1,"99":0,"100":0,"101":0,"102":0,"103":0,"104":0,"105":0,"106":0,"107":0,"108":0,"109":1,"110":0,"111":0,"112":0,"113":0,"114":0,"115":0,"116":0,"117":0,"118":0,"119":0,"120":0,"121":0,"122":0,"123":0,"124":0,"125":0,"126":0,"127":0,"128":0,"129":0,"130":0,"131":0,"132":0,"133":0,"134":0,"135":0,"136":0,"137":0,"138":0,"139":0,"140":1,"141":0,"142":0,"143":0,"144":0,"145":1,"146":0,"147":0,"148":1,"149":0,"150":0,"151":0,"152":0,"153":0,"154":0,"155":1,"156":0,"157":0,"158":0,"159":0,"160":0,"161":0,"162":0,"163":0,"164":1,"165":0,"166":0,"167":0,"168":0,"169":0,"170":0,"171":0,"172":0,"173":0,"174":0,"175":1,"176":0,"177":0,"178":0,"179":0,"180":0,"181":0,"182":0,"183":0,"184":0,"185":0,"186":0,"187":0,"188":0,"189":0,"190":0,"191":0,"192":0,"193":1,"194":1,"195":1,"196":1,"197":0,"198":0,"199":0,"200":0,"201":0,"202":0,"203":0,"204":0,"205":0,"206":0,"207":0,"208":0,"209":0,"210":1,"211":0,"212":0,"213":0,"214":0,"215":0,"216":0,"217":0,"218":0,"219":0,"220":0,"221":0,"222":0,"223":0,"224":0,"225":0,"226":0,"227":0,"228":0,"229":0,"230":0,"231":0,"232":0,"233":0,"234":0,"235":0,"236":0,"237":0,"238":0,"239":0,"240":0,"241":0,"242":0,"243":0,"244":0,"245":0,"246":0,"247":0,"248":0,"249":0,"250":0,"251":0,"252":0,"253":0,"254":0,"255":0,"256":0,"257":0,"258":0,"259":0,"260":0,"261":0,"262":0,"263":0,"264":0,"265":0,"266":0,"267":0,"268":0,"269":0,"270":0,"271":0,"272":0,"273":0,"274":0,"275":0,"276":0,"277":0,"278":0,"279":0,"280":0,"281":0,"282":0,"283":0,"284":0,"285":0,"286":0,"287":0,"288":0,"289":0,"290":0,"291":0,"292":0,"293":0,"294":0,"295":0,"296":0,"297":0,"298":0,"299":0,"300":0,"301":0,"302":0,"303":0,"304":0,"305":0,"306":0,"307":0,"308":0,"309":0,"310":0,"311":0,"312":0,"313":0,"314":0,"315":0,"316":0,"317":0,"318":0,"319":0,"320":0,"321":0,"322":0,"323":0,"324":0,"325":0,"326":0,"327":0,"328":0,"329":0,"330":0,"331":0,"332":0,"333":0,"334":0,"335":0,"336":0,"337":0,"338":0,"339":0,"340":0,"341":0,"342":0,"343":0,"344":0,"345":0,"346":0,"347":0,"348":0,"349":0,"350":0,"351":0,"352":0,"353":0,"354":0,"355":0,"356":0,"357":0,"358":0,"359":0,"360":0,"361":0,"362":0,"363":0,"364":0,"365":0,"366":0,"367":0,"368":0,"369":0,"370":1,"371":1,"372":1,"373":0,"374":0,"375":0,"376":0,"377":0,"378":0,"379":0,"380":0,"381":0,"382":1,"383":1,"384":1,"385":0,"386":0,"387":0,"388":0,"389":0,"390":0,"391":0,"392":0,"393":0,"394":0,"395":1,"396":0,"397":0,"398":0,"399":0,"400":0,"401":0,"402":0,"403":0,"404":0,"405":0,"406":0,"407":0,"408":0,"409":0,"410":0,"411":0,"412":0,"413":0,"414":0,"415":0,"416":0,"417":0,"418":0,"419":0,"420":0,"421":0,"422":0,"423":0,"424":0,"425":0,"426":0,"427":0,"428":0,"429":0,"430":0,"431":0,"432":0,"433":0,"434":0,"435":0,"436":0,"437":0,"438":0,"439":0,"440":0,"441":0,"442":0,"443":0,"444":0,"445":0,"446":0,"447":0,"448":0,"449":0,"450":0,"451":0,"452":0,"453":0,"454":0,"455":0,"456":0,"457":0,"458":0,"459":0,"460":0,"461":0,"462":0,"463":0,"464":0,"465":0,"466":0,"467":0,"468":0,"469":0,"470":0,"471":0,"472":0,"473":0,"474":0,"475":0,"476":0,"477":0,"478":0,"479":0,"480":0,"481":0,"482":0,"483":0,"484":0,"485":0,"486":0,"487":0,"488":0,"489":0,"490":0,"491":0,"492":0,"493":0,"494":0,"495":0,"496":0,"497":0,"498":0,"499":0,"500":0,"501":0,"502":0,"503":0,"504":0,"505":0,"506":0,"507":0,"508":0,"509":0,"510":0,"511":0,"512":0,"513":0,"514":0,"515":0,"516":0,"517":0,"518":0,"519":0,"520":0,"521":0,"522":0,"523":0,"524":0,"525":0,"526":0,"527":0,"528":0,"529":0,"530":0,"531":0,"532":0,"533":0,"534":0,"535":0,"536":0,"537":0,"538":0,"539":0,"540":0,"541":0,"542":0,"543":0,"544":0,"545":0,"546":0,"547":0,"548":0,"549":0,"550":0,"551":0,"552":0,"553":0,"554":0,"555":0,"556":0,"557":0,"558":0,"559":0,"560":0,"561":0,"562":0,"563":0,"564":0,"565":0,"566":0,"567":0,"568":0,"569":0,"570":0,"571":0,"572":0,"573":0,"574":0,"575":0,"576":0,"577":0,"578":0,"579":0,"580":0,"581":0,"582":0,"583":0,"584":0,"585":0,"586":0,"587":0,"588":0,"589":0,"590":0,"591":0,"592":0,"593":0,"594":0,"595":0,"596":0,"597":0,"598":0,"599":0,"600":0,"601":0,"602":0,"603":0,"604":0,"605":0,"606":0,"607":0,"608":0,"609":0,"610":0,"611":0,"612":0,"613":0,"614":0,"615":0,"616":0,"617":0,"618":0,"619":1,"620":1,"621":1,"622":0,"623":0,"624":0,"625":0,"626":1,"627":1,"628":1,"629":0,"630":0,"631":0,"632":0,"633":0,"634":0,"635":0,"636":0,"637":0,"638":0,"639":0,"640":0,"641":0,"642":0,"643":0,"644":0,"645":0,"646":0,"647":0,"648":0,"649":0,"650":0,"651":0,"652":0,"653":0,"654":0,"655":0,"656":0,"657":0,"658":0,"659":0,"660":0,"661":0,"662":0,"663":0,"664":0,"665":0,"666":0,"667":0,"668":0,"669":0,"670":0,"671":0,"672":1,"673":0,"674":0,"675":0,"676":0,"677":0,"678":0,"679":0,"680":0,"681":0,"682":0,"683":0,"684":0,"685":0,"686":0,"687":0,"688":0,"689":0,"690":0,"691":0,"692":0,"693":0,"694":0,"695":0,"696":0,"697":0,"698":0,"699":0,"700":0,"701":0,"702":0,"703":0,"704":1,"705":1,"706":0,"707":1,"708":0,"709":0,"710":0,"711":0,"712":0,"713":1,"714":1,"715":1,"716":1,"717":1,"718":0,"719":0,"720":0,"721":0,"722":0,"723":0,"724":0,"725":0,"726":0,"727":0,"728":0,"729":0,"730":0,"731":0,"732":0,"733":0,"734":0,"735":0,"736":0,"737":0,"738":0,"739":0,"740":0,"741":0,"742":0,"743":0,"744":0,"745":0,"746":0,"747":0,"748":0,"749":0,"750":0,"751":1,"752":1,"753":1,"754":1,"755":0,"756":0,"757":1,"758":1,"759":1,"760":1,"761":1,"762":0,"763":0,"764":0,"765":0,"766":0,"767":0,"768":0,"769":0,"770":0,"771":0,"772":0,"773":0,"774":0,"775":0,"776":0,"777":0,"778":0,"779":0,"780":0,"781":0,"782":0,"783":0,"784":0,"785":0,"786":0,"787":0,"788":0,"789":0,"790":0,"791":0,"792":0,"793":0,"794":0,"795":0,"796":0,"797":0,"798":0,"799":0,"800":0,"801":0,"802":0,"803":0,"804":0,"805":0,"806":0,"807":0,"808":0,"809":0,"810":0,"811":0,"812":0,"813":0,"814":0,"815":0,"816":0,"817":0,"818":0,"819":0,"820":0,"821":0,"822":0,"823":0,"824":0,"825":0,"826":0,"827":0,"828":0,"829":0,"830":0,"831":0,"832":0,"833":0,"834":0,"835":0,"836":0,"837":0,"838":0,"839":0,"840":0,"841":0,"842":0,"843":0,"844":0,"845":0,"846":0,"847":0,"848":0,"849":0,"850":0,"851":0,"852":0,"853":0,"854":0,"855":0,"856":0,"857":0,"858":0,"859":0,"860":0,"861":0,"862":0,"863":0,"864":0,"865":0,"866":0,"867":0,"868":0,"869":0,"870":0,"871":0,"872":0,"873":0,"874":0,"875":0,"876":0,"877":1,"878":1,"879":0,"880":0,"881":0,"882":0,"883":0,"884":0,"885":0,"886":0,"887":0,"888":0,"889":0,"890":1,"891":1,"892":0,"893":1,"894":0,"895":0,"896":0,"897":0,"898":0,"899":1},"b":{"1":[1,0,0,1,1,1],"2":[0,1],"3":[1,0],"4":[1,0],"5":[0,0,0,0],"6":[11,0,36,0,10],"7":[57,0],"8":[0,0],"9":[0,0],"10":[0,0],"11":[0,0],"12":[0,0],"13":[0,0],"14":[0,0],"15":[0,0,0],"16":[0,0],"17":[0,0],"18":[0,0],"19":[0,0],"20":[0,0],"21":[0,0],"22":[0,0],"23":[0,0],"24":[0,0],"25":[0,0],"26":[0,0],"27":[0,0],"28":[0,0],"29":[0,0],"30":[0,0],"31":[0,0],"32":[0,0],"33":[0,0],"34":[0,0],"35":[0,0],"36":[0,0,0],"37":[0,0],"38":[0,0],"39":[0,0],"40":[0,0,0,0,0],"41":[0,0],"42":[0,0],"43":[0,0],"44":[0,0],"45":[0,0],"46":[0,0],"47":[0,0],"48":[0,0],"49":[0,0],"50":[0,0],"51":[0,0],"52":[0,0],"53":[0,0,0,0,0],"54":[0,0],"55":[0,0],"56":[0,0],"57":[0,0],"58":[0,0],"59":[0,0],"60":[0,0],"61":[0,0],"62":[0,0],"63":[0,0],"64":[0,0],"65":[0,0],"66":[0,0],"67":[0,0],"68":[0,0],"69":[0,0],"70":[0,0],"71":[0,0],"72":[0,0],"73":[0,0],"74":[0,0],"75":[0,0],"76":[0,0],"77":[0,0],"78":[0,0],"79":[0,0],"80":[0,0],"81":[0,0],"82":[0,0],"83":[0,0],"84":[0,0],"85":[0,0],"86":[0,0],"87":[0,0],"88":[0,0],"89":[0,0],"90":[0,0],"91":[0,0],"92":[0,0],"93":[0,0],"94":[0,0],"95":[0,0],"96":[0,0],"97":[0,0],"98":[0,0],"99":[0,0],"100":[0,0],"101":[0,0],"102":[0,0],"103":[0,0],"104":[0,0],"105":[0,0],"106":[0,0,0],"107":[0,0],"108":[0,0],"109":[0,0],"110":[0,0],"111":[0,0],"112":[0,0],"113":[0,0],"114":[0,0],"115":[0,0],"116":[0,0],"117":[0,0],"118":[0,0],"119":[0,0],"120":[0,0],"121":[0,0],"122":[0,0],"123":[0,0],"124":[0,0],"125":[0,0],"126":[0,0],"127":[0,0],"128":[0,0,0],"129":[0,0],"130":[0,0],"131":[0,0],"132":[0,0],"133":[0,0],"134":[0,0],"135":[0,0],"136":[0,0],"137":[0,0],"138":[0,0],"139":[0,0],"140":[0,0],"141":[0,0],"142":[0,0],"143":[0,0,0],"144":[0,0],"145":[0,0],"146":[0,0],"147":[0,0],"148":[0,0],"149":[0,0],"150":[0,0],"151":[0,0],"152":[0,0],"153":[0,0],"154":[0,0],"155":[0,0],"156":[0,0,0],"157":[0,0],"158":[0,0],"159":[0,0],"160":[0,0],"161":[0,0,0,0],"162":[0,0],"163":[0,0],"164":[0,0],"165":[0,0],"166":[0,0],"167":[0,0],"168":[0,0],"169":[0,0],"170":[0,0],"171":[0,0],"172":[0,0],"173":[0,0],"174":[0,0],"175":[0,0],"176":[0,0],"177":[0,0],"178":[0,0],"179":[0,0],"180":[0,0],"181":[0,0],"182":[0,0],"183":[0,0],"184":[0,0],"185":[0,0],"186":[0,0],"187":[0,0],"188":[0,0],"189":[0,0],"190":[0,0],"191":[0,0,0],"192":[0,0],"193":[0,0],"194":[0,0],"195":[0,0],"196":[0,0],"197":[0,0],"198":[0,0],"199":[0,0],"200":[0,0],"201":[0,0],"202":[0,0],"203":[0,0],"204":[0,0],"205":[0,0],"206":[0,0],"207":[0,0],"208":[0,0],"209":[0,0],"210":[0,0,0,0,0],"211":[0,0],"212":[0,0],"213":[0,0],"214":[0,0],"215":[0,0,0,0],"216":[0,0],"217":[0,0],"218":[0,0],"219":[0,0],"220":[0,0],"221":[0,0],"222":[0,0],"223":[0,0],"224":[0,0],"225":[0,0],"226":[0,0],"227":[0,0],"228":[0,0],"229":[0,0],"230":[0,0],"231":[0,0],"232":[0,0],"233":[0,1],"234":[0,0],"235":[0,0],"236":[0,0],"237":[0,0],"238":[0,0],"239":[0,0],"240":[0,0],"241":[0,0],"242":[0,0],"243":[0,0,0],"244":[0,0],"245":[0,0],"246":[0,0],"247":[0,0],"248":[0,0],"249":[0,0],"250":[0,0],"251":[0,0],"252":[0,0],"253":[0,0],"254":[0,0],"255":[0,0,0],"256":[0,0],"257":[0,0],"258":[0,0],"259":[0,0],"260":[0,0],"261":[0,0],"262":[0,0],"263":[0,0],"264":[0,0],"265":[0,0],"266":[0,0],"267":[0,0],"268":[0,0],"269":[0,0],"270":[0,0],"271":[0,0],"272":[0,0],"273":[0,0],"274":[0,0],"275":[0,0],"276":[0,0],"277":[0,0],"278":[0,0],"279":[0,0],"280":[0,0],"281":[0,0],"282":[0,0],"283":[0,0],"284":[0,0],"285":[0,0],"286":[0,0],"287":[0,0],"288":[0,0],"289":[0,0],"290":[0,0],"291":[0,0],"292":[0,0]},"f":{"1":1,"2":0,"3":1,"4":0,"5":57,"6":0,"7":0,"8":0,"9":0,"10":0,"11":2,"12":57,"13":0,"14":0,"15":0,"16":0,"17":0,"18":0,"19":0,"20":0,"21":0,"22":0,"23":0,"24":0,"25":0,"26":0,"27":0,"28":0,"29":0,"30":0,"31":0,"32":0,"33":0,"34":0,"35":0,"36":0,"37":0,"38":0,"39":0,"40":0,"41":0,"42":0,"43":0,"44":0,"45":0,"46":0,"47":0,"48":0,"49":0,"50":0,"51":0,"52":0,"53":0,"54":0,"55":0,"56":0,"57":0,"58":0,"59":0,"60":0,"61":0,"62":0,"63":0,"64":0,"65":0,"66":0,"67":0,"68":0,"69":0,"70":0,"71":0,"72":0,"73":0,"74":0,"75":0,"76":0,"77":0,"78":0,"79":0,"80":0,"81":0,"82":0,"83":0,"84":0,"85":0,"86":0,"87":0,"88":0,"89":0,"90":0,"91":0,"92":0,"93":0,"94":0,"95":0,"96":0,"97":0,"98":0,"99":0,"100":0,"101":0,"102":0,"103":0,"104":0,"105":0,"106":0,"107":0,"108":0,"109":0,"110":0,"111":0,"112":0,"113":0,"114":0,"115":0,"116":0,"117":0,"118":0,"119":0,"120":0,"121":0,"122":0,"123":0,"124":0,"125":0,"126":0,"127":1,"128":0,"129":0,"130":0,"131":0,"132":0,"133":0,"134":0,"135":0,"136":0,"137":0,"138":0,"139":0,"140":0,"141":0,"142":0,"143":0,"144":0,"145":0,"146":0,"147":0,"148":0,"149":0},"fnMap":{"1":{"name":"(anonymous_1)","line":8,"loc":{"start":{"line":8,"column":1},"end":{"line":8,"column":19}}},"2":{"name":"(anonymous_2)","line":17,"loc":{"start":{"line":17,"column":48},"end":{"line":17,"column":72}}},"3":{"name":"(anonymous_3)","line":34,"loc":{"start":{"line":34,"column":3},"end":{"line":34,"column":34}}},"4":{"name":"(anonymous_4)","line":55,"loc":{"start":{"line":55,"column":24},"end":{"line":55,"column":35}}},"5":{"name":"(anonymous_5)","line":78,"loc":{"start":{"line":78,"column":18},"end":{"line":78,"column":54}}},"6":{"name":"(anonymous_6)","line":80,"loc":{"start":{"line":80,"column":21},"end":{"line":80,"column":32}}},"7":{"name":"(anonymous_7)","line":83,"loc":{"start":{"line":83,"column":21},"end":{"line":83,"column":37}}},"8":{"name":"(anonymous_8)","line":86,"loc":{"start":{"line":86,"column":21},"end":{"line":86,"column":49}}},"9":{"name":"(anonymous_9)","line":89,"loc":{"start":{"line":89,"column":21},"end":{"line":89,"column":61}}},"10":{"name":"(anonymous_10)","line":92,"loc":{"start":{"line":92,"column":22},"end":{"line":92,"column":33}}},"11":{"name":"(anonymous_11)","line":99,"loc":{"start":{"line":99,"column":29},"end":{"line":99,"column":65}}},"12":{"name":"(anonymous_12)","line":100,"loc":{"start":{"line":100,"column":20},"end":{"line":100,"column":45}}},"13":{"name":"(anonymous_13)","line":106,"loc":{"start":{"line":106,"column":11},"end":{"line":106,"column":40}}},"14":{"name":"(anonymous_14)","line":109,"loc":{"start":{"line":109,"column":37},"end":{"line":109,"column":53}}},"15":{"name":"(anonymous_15)","line":112,"loc":{"start":{"line":112,"column":21},"end":{"line":112,"column":37}}},"16":{"name":"(anonymous_16)","line":114,"loc":{"start":{"line":114,"column":11},"end":{"line":114,"column":27}}},"17":{"name":"(anonymous_17)","line":140,"loc":{"start":{"line":140,"column":18},"end":{"line":140,"column":67}}},"18":{"name":"(anonymous_18)","line":162,"loc":{"start":{"line":162,"column":14},"end":{"line":162,"column":48}}},"19":{"name":"(anonymous_19)","line":167,"loc":{"start":{"line":167,"column":19},"end":{"line":167,"column":69}}},"20":{"name":"(anonymous_20)","line":185,"loc":{"start":{"line":185,"column":20},"end":{"line":185,"column":50}}},"21":{"name":"(anonymous_21)","line":204,"loc":{"start":{"line":204,"column":14},"end":{"line":204,"column":56}}},"22":{"name":"(anonymous_22)","line":219,"loc":{"start":{"line":219,"column":15},"end":{"line":219,"column":49}}},"23":{"name":"(anonymous_23)","line":230,"loc":{"start":{"line":230,"column":25},"end":{"line":230,"column":55}}},"24":{"name":"(anonymous_24)","line":250,"loc":{"start":{"line":250,"column":15},"end":{"line":250,"column":57}}},"25":{"name":"(anonymous_25)","line":308,"loc":{"start":{"line":308,"column":16},"end":{"line":308,"column":50}}},"26":{"name":"(anonymous_26)","line":316,"loc":{"start":{"line":316,"column":24},"end":{"line":316,"column":54}}},"27":{"name":"(anonymous_27)","line":324,"loc":{"start":{"line":324,"column":16},"end":{"line":324,"column":53}}},"28":{"name":"(anonymous_28)","line":326,"loc":{"start":{"line":326,"column":36},"end":{"line":326,"column":47}}},"29":{"name":"(anonymous_29)","line":339,"loc":{"start":{"line":339,"column":19},"end":{"line":339,"column":34}}},"30":{"name":"(anonymous_30)","line":351,"loc":{"start":{"line":351,"column":19},"end":{"line":351,"column":61}}},"31":{"name":"(anonymous_31)","line":365,"loc":{"start":{"line":365,"column":22},"end":{"line":365,"column":45}}},"32":{"name":"(anonymous_32)","line":394,"loc":{"start":{"line":394,"column":31},"end":{"line":394,"column":61}}},"33":{"name":"(anonymous_33)","line":427,"loc":{"start":{"line":427,"column":16},"end":{"line":427,"column":26}}},"34":{"name":"(anonymous_34)","line":430,"loc":{"start":{"line":430,"column":12},"end":{"line":430,"column":30}}},"35":{"name":"(anonymous_35)","line":436,"loc":{"start":{"line":436,"column":10},"end":{"line":436,"column":21}}},"36":{"name":"(anonymous_36)","line":441,"loc":{"start":{"line":441,"column":9},"end":{"line":441,"column":24}}},"37":{"name":"(anonymous_37)","line":446,"loc":{"start":{"line":446,"column":12},"end":{"line":446,"column":27}}},"38":{"name":"(anonymous_38)","line":452,"loc":{"start":{"line":452,"column":9},"end":{"line":452,"column":24}}},"39":{"name":"(anonymous_39)","line":457,"loc":{"start":{"line":457,"column":13},"end":{"line":457,"column":29}}},"40":{"name":"(anonymous_40)","line":464,"loc":{"start":{"line":464,"column":9},"end":{"line":464,"column":37}}},"41":{"name":"(anonymous_41)","line":537,"loc":{"start":{"line":537,"column":11},"end":{"line":537,"column":35}}},"42":{"name":"(anonymous_42)","line":542,"loc":{"start":{"line":542,"column":11},"end":{"line":542,"column":29}}},"43":{"name":"(anonymous_43)","line":550,"loc":{"start":{"line":550,"column":16},"end":{"line":550,"column":31}}},"44":{"name":"(anonymous_44)","line":561,"loc":{"start":{"line":561,"column":23},"end":{"line":561,"column":38}}},"45":{"name":"(anonymous_45)","line":575,"loc":{"start":{"line":575,"column":14},"end":{"line":575,"column":29}}},"46":{"name":"(anonymous_46)","line":582,"loc":{"start":{"line":582,"column":24},"end":{"line":582,"column":35}}},"47":{"name":"(anonymous_47)","line":588,"loc":{"start":{"line":588,"column":11},"end":{"line":588,"column":29}}},"48":{"name":"(anonymous_48)","line":592,"loc":{"start":{"line":592,"column":24},"end":{"line":592,"column":39}}},"49":{"name":"(anonymous_49)","line":605,"loc":{"start":{"line":605,"column":10},"end":{"line":605,"column":38}}},"50":{"name":"(anonymous_50)","line":632,"loc":{"start":{"line":632,"column":24},"end":{"line":632,"column":39}}},"51":{"name":"(anonymous_51)","line":659,"loc":{"start":{"line":659,"column":13},"end":{"line":659,"column":31}}},"52":{"name":"(anonymous_52)","line":665,"loc":{"start":{"line":665,"column":20},"end":{"line":665,"column":31}}},"53":{"name":"(anonymous_53)","line":670,"loc":{"start":{"line":670,"column":24},"end":{"line":670,"column":39}}},"54":{"name":"(anonymous_54)","line":690,"loc":{"start":{"line":690,"column":9},"end":{"line":690,"column":20}}},"55":{"name":"(anonymous_55)","line":702,"loc":{"start":{"line":702,"column":11},"end":{"line":702,"column":35}}},"56":{"name":"(anonymous_56)","line":707,"loc":{"start":{"line":707,"column":11},"end":{"line":707,"column":22}}},"57":{"name":"(anonymous_57)","line":712,"loc":{"start":{"line":712,"column":11},"end":{"line":712,"column":22}}},"58":{"name":"(anonymous_58)","line":717,"loc":{"start":{"line":717,"column":13},"end":{"line":717,"column":31}}},"59":{"name":"(anonymous_59)","line":723,"loc":{"start":{"line":723,"column":15},"end":{"line":723,"column":40}}},"60":{"name":"(anonymous_60)","line":755,"loc":{"start":{"line":755,"column":41},"end":{"line":755,"column":67}}},"61":{"name":"(anonymous_61)","line":769,"loc":{"start":{"line":769,"column":15},"end":{"line":769,"column":43}}},"62":{"name":"(anonymous_62)","line":788,"loc":{"start":{"line":788,"column":16},"end":{"line":788,"column":26}}},"63":{"name":"(anonymous_63)","line":792,"loc":{"start":{"line":792,"column":12},"end":{"line":792,"column":30}}},"64":{"name":"(anonymous_64)","line":793,"loc":{"start":{"line":793,"column":22},"end":{"line":793,"column":38}}},"65":{"name":"(anonymous_65)","line":797,"loc":{"start":{"line":797,"column":10},"end":{"line":797,"column":21}}},"66":{"name":"(anonymous_66)","line":804,"loc":{"start":{"line":804,"column":9},"end":{"line":804,"column":35}}},"67":{"name":"(anonymous_67)","line":809,"loc":{"start":{"line":809,"column":12},"end":{"line":809,"column":38}}},"68":{"name":"(anonymous_68)","line":825,"loc":{"start":{"line":825,"column":9},"end":{"line":825,"column":35}}},"69":{"name":"(anonymous_69)","line":903,"loc":{"start":{"line":903,"column":73},"end":{"line":903,"column":92}}},"70":{"name":"(anonymous_70)","line":944,"loc":{"start":{"line":944,"column":11},"end":{"line":944,"column":37}}},"71":{"name":"(anonymous_71)","line":957,"loc":{"start":{"line":957,"column":10},"end":{"line":957,"column":35}}},"72":{"name":"(anonymous_72)","line":962,"loc":{"start":{"line":962,"column":9},"end":{"line":962,"column":27}}},"73":{"name":"(anonymous_73)","line":968,"loc":{"start":{"line":968,"column":13},"end":{"line":968,"column":38}}},"74":{"name":"(anonymous_74)","line":973,"loc":{"start":{"line":973,"column":11},"end":{"line":973,"column":29}}},"75":{"name":"(anonymous_75)","line":979,"loc":{"start":{"line":979,"column":11},"end":{"line":979,"column":22}}},"76":{"name":"(anonymous_76)","line":985,"loc":{"start":{"line":985,"column":9},"end":{"line":985,"column":23}}},"77":{"name":"(anonymous_77)","line":993,"loc":{"start":{"line":993,"column":9},"end":{"line":993,"column":23}}},"78":{"name":"(anonymous_78)","line":998,"loc":{"start":{"line":998,"column":8},"end":{"line":998,"column":24}}},"79":{"name":"(anonymous_79)","line":1005,"loc":{"start":{"line":1005,"column":11},"end":{"line":1005,"column":34}}},"80":{"name":"(anonymous_80)","line":1011,"loc":{"start":{"line":1011,"column":15},"end":{"line":1011,"column":31}}},"81":{"name":"(anonymous_81)","line":1018,"loc":{"start":{"line":1018,"column":10},"end":{"line":1018,"column":28}}},"82":{"name":"(anonymous_82)","line":1037,"loc":{"start":{"line":1037,"column":11},"end":{"line":1037,"column":26}}},"83":{"name":"(anonymous_83)","line":1044,"loc":{"start":{"line":1044,"column":11},"end":{"line":1044,"column":29}}},"84":{"name":"(anonymous_84)","line":1048,"loc":{"start":{"line":1048,"column":24},"end":{"line":1048,"column":39}}},"85":{"name":"(anonymous_85)","line":1061,"loc":{"start":{"line":1061,"column":12},"end":{"line":1061,"column":37}}},"86":{"name":"(anonymous_86)","line":1069,"loc":{"start":{"line":1069,"column":24},"end":{"line":1069,"column":56}}},"87":{"name":"(anonymous_87)","line":1079,"loc":{"start":{"line":1079,"column":11},"end":{"line":1079,"column":35}}},"88":{"name":"(anonymous_88)","line":1084,"loc":{"start":{"line":1084,"column":11},"end":{"line":1084,"column":22}}},"89":{"name":"(anonymous_89)","line":1092,"loc":{"start":{"line":1092,"column":13},"end":{"line":1092,"column":29}}},"90":{"name":"(anonymous_90)","line":1098,"loc":{"start":{"line":1098,"column":12},"end":{"line":1098,"column":23}}},"91":{"name":"(anonymous_91)","line":1106,"loc":{"start":{"line":1106,"column":19},"end":{"line":1106,"column":44}}},"92":{"name":"(anonymous_92)","line":1120,"loc":{"start":{"line":1120,"column":19},"end":{"line":1120,"column":45}}},"93":{"name":"(anonymous_93)","line":1149,"loc":{"start":{"line":1149,"column":14},"end":{"line":1149,"column":30}}},"94":{"name":"(anonymous_94)","line":1154,"loc":{"start":{"line":1154,"column":19},"end":{"line":1154,"column":44}}},"95":{"name":"(anonymous_95)","line":1162,"loc":{"start":{"line":1162,"column":22},"end":{"line":1162,"column":47}}},"96":{"name":"(anonymous_96)","line":1174,"loc":{"start":{"line":1174,"column":19},"end":{"line":1174,"column":63}}},"97":{"name":"(anonymous_97)","line":1220,"loc":{"start":{"line":1220,"column":29},"end":{"line":1220,"column":47}}},"98":{"name":"(anonymous_98)","line":1241,"loc":{"start":{"line":1241,"column":7},"end":{"line":1241,"column":26}}},"99":{"name":"(anonymous_99)","line":1247,"loc":{"start":{"line":1247,"column":16},"end":{"line":1247,"column":26}}},"100":{"name":"(anonymous_100)","line":1252,"loc":{"start":{"line":1252,"column":12},"end":{"line":1252,"column":23}}},"101":{"name":"(anonymous_101)","line":1258,"loc":{"start":{"line":1258,"column":12},"end":{"line":1258,"column":23}}},"102":{"name":"(anonymous_102)","line":1267,"loc":{"start":{"line":1267,"column":20},"end":{"line":1267,"column":31}}},"103":{"name":"(anonymous_103)","line":1273,"loc":{"start":{"line":1273,"column":16},"end":{"line":1273,"column":34}}},"104":{"name":"(anonymous_104)","line":1285,"loc":{"start":{"line":1285,"column":17},"end":{"line":1285,"column":30}}},"105":{"name":"(anonymous_105)","line":1303,"loc":{"start":{"line":1303,"column":20},"end":{"line":1303,"column":37}}},"106":{"name":"(anonymous_106)","line":1320,"loc":{"start":{"line":1320,"column":14},"end":{"line":1320,"column":54}}},"107":{"name":"(anonymous_107)","line":1328,"loc":{"start":{"line":1328,"column":22},"end":{"line":1328,"column":33}}},"108":{"name":"(anonymous_108)","line":1335,"loc":{"start":{"line":1335,"column":16},"end":{"line":1335,"column":56}}},"109":{"name":"(anonymous_109)","line":1342,"loc":{"start":{"line":1342,"column":20},"end":{"line":1342,"column":38}}},"110":{"name":"(anonymous_110)","line":1350,"loc":{"start":{"line":1350,"column":20},"end":{"line":1350,"column":31}}},"111":{"name":"(anonymous_111)","line":1364,"loc":{"start":{"line":1364,"column":20},"end":{"line":1364,"column":41}}},"112":{"name":"(anonymous_112)","line":1388,"loc":{"start":{"line":1388,"column":18},"end":{"line":1388,"column":51}}},"113":{"name":"(anonymous_113)","line":1423,"loc":{"start":{"line":1423,"column":27},"end":{"line":1423,"column":41}}},"114":{"name":"(anonymous_114)","line":1436,"loc":{"start":{"line":1436,"column":20},"end":{"line":1436,"column":59}}},"115":{"name":"(anonymous_115)","line":1459,"loc":{"start":{"line":1459,"column":18},"end":{"line":1459,"column":29}}},"116":{"name":"(anonymous_116)","line":1468,"loc":{"start":{"line":1468,"column":33},"end":{"line":1468,"column":51}}},"117":{"name":"(anonymous_117)","line":1487,"loc":{"start":{"line":1487,"column":16},"end":{"line":1487,"column":26}}},"118":{"name":"(anonymous_118)","line":1495,"loc":{"start":{"line":1495,"column":11},"end":{"line":1495,"column":43}}},"119":{"name":"(anonymous_119)","line":1503,"loc":{"start":{"line":1503,"column":36},"end":{"line":1503,"column":55}}},"120":{"name":"(anonymous_120)","line":1516,"loc":{"start":{"line":1516,"column":13},"end":{"line":1516,"column":44}}},"121":{"name":"(anonymous_121)","line":1521,"loc":{"start":{"line":1521,"column":14},"end":{"line":1521,"column":42}}},"122":{"name":"(anonymous_122)","line":1529,"loc":{"start":{"line":1529,"column":17},"end":{"line":1529,"column":28}}},"123":{"name":"(anonymous_123)","line":1540,"loc":{"start":{"line":1540,"column":20},"end":{"line":1540,"column":36}}},"124":{"name":"(anonymous_124)","line":1543,"loc":{"start":{"line":1543,"column":40},"end":{"line":1543,"column":66}}},"125":{"name":"(anonymous_125)","line":1553,"loc":{"start":{"line":1553,"column":24},"end":{"line":1553,"column":50}}},"126":{"name":"(anonymous_126)","line":1555,"loc":{"start":{"line":1555,"column":27},"end":{"line":1555,"column":46}}},"127":{"name":"(anonymous_127)","line":1572,"loc":{"start":{"line":1572,"column":35},"end":{"line":1572,"column":46}}},"128":{"name":"(anonymous_128)","line":1603,"loc":{"start":{"line":1603,"column":12},"end":{"line":1603,"column":23}}},"129":{"name":"(anonymous_129)","line":1609,"loc":{"start":{"line":1609,"column":15},"end":{"line":1609,"column":26}}},"130":{"name":"(anonymous_130)","line":1618,"loc":{"start":{"line":1618,"column":20},"end":{"line":1618,"column":39}}},"131":{"name":"(anonymous_131)","line":1624,"loc":{"start":{"line":1624,"column":15},"end":{"line":1624,"column":26}}},"132":{"name":"(anonymous_132)","line":1631,"loc":{"start":{"line":1631,"column":13},"end":{"line":1631,"column":30}}},"133":{"name":"(anonymous_133)","line":1637,"loc":{"start":{"line":1637,"column":13},"end":{"line":1637,"column":24}}},"134":{"name":"(anonymous_134)","line":1645,"loc":{"start":{"line":1645,"column":17},"end":{"line":1645,"column":36}}},"135":{"name":"(anonymous_135)","line":1658,"loc":{"start":{"line":1658,"column":11},"end":{"line":1658,"column":29}}},"136":{"name":"(anonymous_136)","line":1714,"loc":{"start":{"line":1714,"column":56},"end":{"line":1714,"column":86}}},"137":{"name":"(anonymous_137)","line":1733,"loc":{"start":{"line":1733,"column":10},"end":{"line":1733,"column":21}}},"138":{"name":"(anonymous_138)","line":1735,"loc":{"start":{"line":1735,"column":62},"end":{"line":1735,"column":92}}},"139":{"name":"(anonymous_139)","line":1759,"loc":{"start":{"line":1759,"column":11},"end":{"line":1759,"column":37}}},"140":{"name":"(anonymous_140)","line":1765,"loc":{"start":{"line":1765,"column":14},"end":{"line":1765,"column":26}}},"141":{"name":"(anonymous_141)","line":1782,"loc":{"start":{"line":1782,"column":13},"end":{"line":1782,"column":32}}},"142":{"name":"(anonymous_142)","line":1786,"loc":{"start":{"line":1786,"column":35},"end":{"line":1786,"column":53}}},"143":{"name":"(anonymous_143)","line":1801,"loc":{"start":{"line":1801,"column":14},"end":{"line":1801,"column":42}}},"144":{"name":"(anonymous_144)","line":1853,"loc":{"start":{"line":1853,"column":17},"end":{"line":1853,"column":55}}},"145":{"name":"(anonymous_145)","line":1874,"loc":{"start":{"line":1874,"column":15},"end":{"line":1874,"column":49}}},"146":{"name":"(anonymous_146)","line":1884,"loc":{"start":{"line":1884,"column":14},"end":{"line":1884,"column":24}}},"147":{"name":"(anonymous_147)","line":1906,"loc":{"start":{"line":1906,"column":17},"end":{"line":1906,"column":28}}},"148":{"name":"(anonymous_148)","line":1911,"loc":{"start":{"line":1911,"column":18},"end":{"line":1911,"column":43}}},"149":{"name":"(anonymous_149)","line":1913,"loc":{"start":{"line":1913,"column":20},"end":{"line":1913,"column":35}}}},"statementMap":{"1":{"start":{"line":8,"column":0},"end":{"line":1920,"column":3}},"2":{"start":{"line":12,"column":2},"end":{"line":13,"column":78}},"3":{"start":{"line":16,"column":2},"end":{"line":32,"column":3}},"4":{"start":{"line":17,"column":4},"end":{"line":21,"column":7}},"5":{"start":{"line":20,"column":6},"end":{"line":20,"column":51}},"6":{"start":{"line":24,"column":9},"end":{"line":32,"column":3}},"7":{"start":{"line":25,"column":4},"end":{"line":25,"column":37}},"8":{"start":{"line":26,"column":4},"end":{"line":26,"column":47}},"9":{"start":{"line":26,"column":10},"end":{"line":26,"column":32}},"10":{"start":{"line":27,"column":4},"end":{"line":27,"column":33}},"11":{"start":{"line":31,"column":4},"end":{"line":31,"column":99}},"12":{"start":{"line":41,"column":2},"end":{"line":41,"column":39}},"13":{"start":{"line":44,"column":2},"end":{"line":44,"column":36}},"14":{"start":{"line":47,"column":2},"end":{"line":47,"column":29}},"15":{"start":{"line":51,"column":2},"end":{"line":51,"column":17}},"16":{"start":{"line":55,"column":2},"end":{"line":58,"column":4}},"17":{"start":{"line":56,"column":4},"end":{"line":56,"column":37}},"18":{"start":{"line":57,"column":4},"end":{"line":57,"column":16}},"19":{"start":{"line":63,"column":2},"end":{"line":63,"column":31}},"20":{"start":{"line":69,"column":2},"end":{"line":69,"column":31}},"21":{"start":{"line":78,"column":2},"end":{"line":98,"column":4}},"22":{"start":{"line":79,"column":4},"end":{"line":97,"column":5}},"23":{"start":{"line":80,"column":14},"end":{"line":82,"column":8}},"24":{"start":{"line":81,"column":8},"end":{"line":81,"column":42}},"25":{"start":{"line":83,"column":14},"end":{"line":85,"column":8}},"26":{"start":{"line":84,"column":8},"end":{"line":84,"column":49}}
[...]
rties and methods.","  _.extend(History.prototype, Events, {","","    // The default interval to poll for hash changes, if necessary, is","    // twenty times a second.","    interval: 50,","","    // Are we at the app root?","    atRoot: function() {","      var path = this.location.pathname.replace(/[^\\/]$/, '$&/');","      return path === this.root && !this.getSearch();","    },","","    // Does the pathname match the root?","    matchRoot: function() {","      var path = this.decodeFragment(this.location.pathname);","      var rootPath = path.slice(0, this.root.length - 1) + '/';","      return rootPath === this.root;","    },","","    // Unicode characters in `location.pathname` are percent encoded so they're","    // decoded for comparison. `%25` should not be decoded since it may be part","    // of an encoded parameter.","    decodeFragment: function(fragment) {","      return decodeURI(fragment.replace(/%25/g, '%2525'));","    },","","    // In IE6, the hash fragment and search params are incorrect if the","    // fragment contains `?`.","    getSearch: function() {","      var match = this.location.href.replace(/#.*/, '').match(/\\?.+/);","      return match ? match[0] : '';","    },","","    // Gets the true hash value. Cannot use location.hash directly due to bug","    // in Firefox where location.hash will always be decoded.","    getHash: function(window) {","      var match = (window || this).location.href.match(/#(.*)$/);","      return match ? match[1] : '';","    },","","    // Get the pathname and search params, without the root.","    getPath: function() {","      var path = this.decodeFragment(","        this.location.pathname + this.getSearch()","      ).slice(this.root.length - 1);","      return path.charAt(0) === '/' ? path.slice(1) : path;","    },","","    // Get the cross-browser normalized URL fragment from the path or hash.","    getFragment: function(fragment) {","      if (fragment == null) {","        if (this._usePushState || !this._wantsHashChange) {","          fragment = this.getPath();","        } else {","          fragment = this.getHash();","        }","      }","      return fragment.replace(routeStripper, '');","    },","","    // Start the hash change handling, returning `true` if the current URL matches","    // an existing route, and `false` otherwise.","    start: function(options) {","      if (History.started) throw new Error('Backbone.history has already been started');","      History.started = true;","","      // Figure out the initial configuration. Do we need an iframe?","      // Is pushState desired ... is it available?","      this.options          = _.extend({root: '/'}, this.options, options);","      this.root             = this.options.root;","      this._wantsHashChange = this.options.hashChange !== false;","      this._hasHashChange   = 'onhashchange' in window && (document.documentMode === void 0 || document.documentMode > 7);","      this._useHashChange   = this._wantsHashChange && this._hasHashChange;","      this._wantsPushState  = !!this.options.pushState;","      this._hasPushState    = !!(this.history && this.history.pushState);","      this._usePushState    = this._wantsPushState && this._hasPushState;","      this.fragment         = this.getFragment();","","      // Normalize root to always include a leading and trailing slash.","      this.root = ('/' + this.root + '/').replace(rootStripper, '/');","","      // Transition from hashChange to pushState or vice versa if both are","      // requested.","      if (this._wantsHashChange && this._wantsPushState) {","","        // If we've started off with a route from a `pushState`-enabled","        // browser, but we're currently in a browser that doesn't support it...","        if (!this._hasPushState && !this.atRoot()) {","          var rootPath = this.root.slice(0, -1) || '/';","          this.location.replace(rootPath + '#' + this.getPath());","          // Return immediately as browser will do redirect to new url","          return true;","","        // Or if we've started out with a hash-based route, but we're currently","        // in a browser where it could be `pushState`-based instead...","        } else if (this._hasPushState && this.atRoot()) {","          this.navigate(this.getHash(), {replace: true});","        }","","      }","","      // Proxy an iframe to handle location events if the browser doesn't","      // support the `hashchange` event, HTML5 history, or the user wants","      // `hashChange` but not `pushState`.","      if (!this._hasHashChange && this._wantsHashChange && !this._usePushState) {","        this.iframe = document.createElement('iframe');","        this.iframe.src = 'javascript:0';","        this.iframe.style.display = 'none';","        this.iframe.tabIndex = -1;","        var body = document.body;","        // Using `appendChild` will throw on IE < 9 if the document is not ready.","        var iWindow = body.insertBefore(this.iframe, body.firstChild).contentWindow;","        iWindow.document.open();","        iWindow.document.close();","        iWindow.location.hash = '#' + this.fragment;","      }","","      // Add a cross-platform `addEventListener` shim for older browsers.","      var addEventListener = window.addEventListener || function(eventName, listener) {","        return attachEvent('on' + eventName, listener);","      };","","      // Depending on whether we're using pushState or hashes, and whether","      // 'onhashchange' is supported, determine how we check the URL state.","      if (this._usePushState) {","        addEventListener('popstate', this.checkUrl, false);","      } else if (this._useHashChange && !this.iframe) {","        addEventListener('hashchange', this.checkUrl, false);","      } else if (this._wantsHashChange) {","        this._checkUrlInterval = setInterval(this.checkUrl, this.interval);","      }","","      if (!this.options.silent) return this.loadUrl();","    },","","    // Disable Backbone.history, perhaps temporarily. Not useful in a real app,","    // but possibly useful for unit testing Routers.","    stop: function() {","      // Add a cross-platform `removeEventListener` shim for older browsers.","      var removeEventListener = window.removeEventListener || function(eventName, listener) {","        return detachEvent('on' + eventName, listener);","      };","","      // Remove window listeners.","      if (this._usePushState) {","        removeEventListener('popstate', this.checkUrl, false);","      } else if (this._useHashChange && !this.iframe) {","        removeEventListener('hashchange', this.checkUrl, false);","      }","","      // Clean up the iframe if necessary.","      if (this.iframe) {","        document.body.removeChild(this.iframe);","        this.iframe = null;","      }","","      // Some environments will throw when clearing an undefined interval.","      if (this._checkUrlInterval) clearInterval(this._checkUrlInterval);","      History.started = false;","    },","","    // Add a route to be tested when the fragment changes. Routes added later","    // may override previous routes.","    route: function(route, callback) {","      this.handlers.unshift({route: route, callback: callback});","    },","","    // Checks the current URL to see if it has changed, and if it has,","    // calls `loadUrl`, normalizing across the hidden iframe.","    checkUrl: function(e) {","      var current = this.getFragment();","","      // If the user pressed the back button, the iframe's hash will have","      // changed and we should use that for comparison.","      if (current === this.fragment && this.iframe) {","        current = this.getHash(this.iframe.contentWindow);","      }","","      if (current === this.fragment) return false;","      if (this.iframe) this.navigate(current);","      this.loadUrl();","    },","","    // Attempt to load the current URL fragment. If a route succeeds with a","    // match, returns `true`. If no defined routes matches the fragment,","    // returns `false`.","    loadUrl: function(fragment) {","      // If the root doesn't match, no routes can match either.","      if (!this.matchRoot()) return false;","      fragment = this.fragment = this.getFragment(fragment);","      return _.some(this.handlers, function(handler) {","        if (handler.route.test(fragment)) {","          handler.callback(fragment);","          return true;","        }","      });","    },","","    // Save a fragment into the hash history, or replace the URL state if the","    // 'replace' option is passed. You are responsible for properly URL-encoding","    // the fragment in advance.","    //","    // The options object can contain `trigger: true` if you wish to have the","    // route callback be fired (not usually desirable), or `replace: true`, if","    // you wish to modify the current URL without adding an entry to the history.","    navigate: function(fragment, options) {","      if (!History.started) return false;","      if (!options || options === true) options = {trigger: !!options};","","      // Normalize the fragment.","      fragment = this.getFragment(fragment || '');","","      // Don't include a trailing slash on the root.","      var rootPath = this.root;","      if (fragment === '' || fragment.charAt(0) === '?') {","        rootPath = rootPath.slice(0, -1) || '/';","      }","      var url = rootPath + fragment;","","      // Strip the hash and decode for matching.","      fragment = this.decodeFragment(fragment.replace(pathStripper, ''));","","      if (this.fragment === fragment) return;","      this.fragment = fragment;","","      // If pushState is available, we use it to set the fragment as a real URL.","      if (this._usePushState) {","        this.history[options.replace ? 'replaceState' : 'pushState']({}, document.title, url);","","      // If hash changes haven't been explicitly disabled, update the hash","      // fragment to store history.","      } else if (this._wantsHashChange) {","        this._updateHash(this.location, fragment, options.replace);","        if (this.iframe && fragment !== this.getHash(this.iframe.contentWindow)) {","          var iWindow = this.iframe.contentWindow;","","          // Opening and closing the iframe tricks IE7 and earlier to push a","          // history entry on hash-tag change.  When replace is true, we don't","          // want this.","          if (!options.replace) {","            iWindow.document.open();","            iWindow.document.close();","          }","","          this._updateHash(iWindow.location, fragment, options.replace);","        }","","      // If you've told us that you explicitly don't want fallback hashchange-","      // based history, then `navigate` becomes a page refresh.","      } else {","        return this.location.assign(url);","      }","      if (options.trigger) return this.loadUrl(fragment);","    },","","    // Update the hash location, either replacing the current entry, or adding","    // a new one to the browser history.","    _updateHash: function(location, fragment, replace) {","      if (replace) {","        var href = location.href.replace(/(javascript:|#).*$/, '');","        location.replace(href + '#' + fragment);","      } else {","        // Some browsers require that `hash` contains a leading #.","        location.hash = '#' + fragment;","      }","    }","","  });","","  // Create the default Backbone.history.","  Backbone.history = new History;","","  // Helpers","  // -------","","  // Helper function to correctly set up the prototype chain for subclasses.","  // Similar to `goog.inherits`, but uses a hash of prototype properties and","  // class properties to be extended.","  var extend = function(protoProps, staticProps) {","    var parent = this;","    var child;","","    // The constructor function for the new subclass is either defined by you","    // (the \"constructor\" property in your `extend` definition), or defaulted","    // by us to simply call the parent constructor.","    if (protoProps && _.has(protoProps, 'constructor')) {","      child = protoProps.constructor;","    } else {","      child = function(){ return parent.apply(this, arguments); };","    }","","    // Add static properties to the constructor function, if supplied.","    _.extend(child, parent, staticProps);","","    // Set the prototype chain to inherit from `parent`, without calling","    // `parent`'s constructor function and add the prototype properties.","    child.prototype = _.create(parent.prototype, protoProps);","    child.prototype.constructor = child;","","    // Set a convenience property in case the parent's prototype is needed","    // later.","    child.__super__ = parent.prototype;","","    return child;","  };","","  // Set up inheritance for the model, collection, router, view and history.","  Model.extend = Collection.extend = Router.extend = View.extend = History.extend = extend;","","  // Throw an error when a URL is needed, and none is supplied.","  var urlError = function() {","    throw new Error('A \"url\" property or function must be specified');","  };","","  // Wrap an optional error callback with a fallback error event.","  var wrapError = function(model, options) {","    var error = options.error;","    options.error = function(resp) {","      if (error) error.call(options.context, model, resp, options);","      model.trigger('error', model, resp, options);","    };","  };","","  return Backbone;","});",""],"l":{"8":1,"12":1,"16":1,"17":0,"20":0,"24":1,"25":1,"26":1,"27":1,"31":0,"41":1,"44":1,"47":1,"51":1,"55":1,"56":0,"57":0,"63":1,"69":1,"78":1,"79":57,"80":11,"81":0,"83":0,"84":0,"86":36,"87":0,"89":0,"90":0,"92":10,"93":0,"94":0,"95":0,"99":1,"100":2,"101":57,"106":1,"107":0,"108":0,"109":0,"110":0,"112":1,"113":0,"114":0,"115":0,"132":1,"135":1,"140":1,"141":0,"142":0,"144":0,"145":0,"146":0,"148":0,"150":0,"151":0,"155":0,"157":0,"162":1,"163":0,"167":1,"168":0,"174":0,"175":0,"176":0,"179":0,"185":1,"186":0,"187":0,"188":0,"189":0,"193":0,"194":0,"195":0,"199":0,"200":0,"204":1,"205":0,"206":0,"207":0,"208":0,"210":0,"212":0,"219":1,"220":0,"221":0,"225":0,"230":1,"231":0,"232":0,"234":0,"236":0,"237":0,"241":0,"243":0,"246":0,"250":1,"251":0,"253":0,"254":0,"257":0,"258":0,"259":0,"260":0,"261":0,"262":0,"264":0,"267":0,"268":0,"269":0,"270":0,"273":0,"276":0,"277":0,"278":0,"279":0,"284":0,"286":0,"287":0,"288":0,"289":0,"295":0,"296":0,"298":0,"301":0,"308":1,"310":0,"311":0,"312":0,"316":1,"318":0,"319":0,"324":1,"325":0,"326":0,"327":0,"328":0,"330":0,"332":0,"339":1,"340":0,"342":0,"343":0,"344":0,"346":0,"347":0,"351":1,"352":0,"353":0,"354":0,"355":0,"356":0,"357":0,"359":0,"365":1,"366":0,"367":0,"368":0,"369":0,"370":0,"371":0,"372":0,"377":1,"378":1,"382":1,"394":1,"395":0,"396":0,"397":0,"398":0,"399":0,"400":0,"401":0,"402":0,"403":0,"404":0,"405":0,"409":1,"431":0,"437":0,"442":0,"447":0,"453":0,"458":0,"465":0,"468":0,"469":0,"470":0,"471":0,"473":0,"476":0,"479":0,"482":0,"483":0,"484":0,"485":0,"486":0,"488":0,"489":0,"490":0,"493":0,"494":0,"495":0,"498":0,"499":0,"500":0,"501":0,"502":0,"504":0,"506":0,"510":0,"513":0,"514":0,"515":0,"516":0,"522":0,"523":0,"524":0,"525":0,"526":0,"527":0,"530":0,"531":0,"532":0,"538":0,"543":0,"544":0,"545":0,"551":0,"552":0,"562":0,"563":0,"564":0,"565":0,"566":0,"567":0,"568":0,"570":0,"576":0,"577":0,"583":0,"589":0,"590":0,"591":0,"592":0,"593":0,"594":0,"595":0,"596":0,"598":0,"599":0,"607":0,"608":0,"609":0,"610":0,"612":0,"615":0,"616":0,"621":0,"622":0,"623":0,"624":0,"629":0,"630":0,"631":0,"632":0,"634":0,"635":0,"636":0,"637":0,"638":0,"639":0,"641":0,"644":0,"646":0,"647":0,"648":0,"651":0,"653":0,"660":0,"661":0,"662":0,"663":0,"665":0,"666":0,"667":0,"670":0,"671":0,"672":0,"673":0,"676":0,"677":0,"678":0,"680":0,"681":0,"683":0,"684":0,"691":0,"695":0,"696":0,"697":0,"703":0,"708":0,"713":0,"718":0,"724":0,"725":0,"726":0,"727":0,"728":0,"729":0,"736":1,"740":1,"755":1,"756":0,"757":0,"758":0,"759":0,"760":0,"761":0,"765":1,"766":1,"769":1,"770":0,"771":0,"772":0,"773":0,"774":0,"775":0,"776":0,"780":1,"793":0,"798":0,"805":0,"810":0,"811":0,"812":0,"813":0,"814":0,"815":0,"816":0,"818":0,"826":0,"828":0,"829":0,"830":0,"833":0,"834":0,"836":0,"837":0,"838":0,"839":0,"841":0,"842":0,"843":0,"844":0,"845":0,"847":0,"848":0,"849":0,"851":0,"852":0,"853":0,"857":0,"858":0,"859":0,"863":0,"864":0,"865":0,"866":0,"867":0,"868":0,"869":0,"870":0,"872":0,"873":0,"874":0,"876":0,"879":0,"880":0,"881":0,"882":0,"883":0,"884":0,"885":0,"891":0,"892":0,"893":0,"894":0,"896":0,"900":0,"901":0,"902":0,"903":0,"904":0,"906":0,"907":0,"908":0,"909":0,"910":0,"911":0,"912":0,"916":0,"919":0,"920":0,"921":0,"922":0,"923":0,"925":0,"926":0,"927":0,"932":0,"937":0,"945":0,"946":0,"947":0,"949":0,"950":0,"951":0,"952":0,"953":0,"958":0,"963":0,"964":0,"969":0,"974":0,"975":0,"980":0,"986":0,"987":0,"994":0,"999":0,"1000":0,"1006":0,"1012":0,"1019":0,"1020":0,"1021":0,"1023":0,"1024":0,"1027":0,"1028":0,"1030":0,"1032":0,"1033":0,"1038":0,"1045":0,"1046":0,"1047":0,"1048":0,"1049":0,"1050":0,"1051":0,"1052":0,"1054":0,"1055":0,"1062":0,"1063":0,"1064":0,"1065":0,"1066":0,"1067":0,"1068":0,"1069":0,"1070":0,"1071":0,"1073":0,"1074":0,"1080":0,"1085":0,"1093":0,"1099":0,"1100":0,"1101":0,"1107":0,"1108":0,"1109":0,"1111":0,"1112":0,"1113":0,"1114":0,"1115":0,"1116":0,"1121":0,"1122":0,"1123":0,"1124":0,"1126":0,"1127":0,"1128":0,"1132":0,"1133":0,"1134":0,"1136":0,"1137":0,"1138":0,"1141":0,"1142":0,"1144":0,"1150":0,"1155":0,"1156":0,"1157":0,"1158":0,"1163":0,"1164":0,"1165":0,"1166":0,"1167":0,"1175":0,"1176":0,"1177":0,"1178":0,"1179":0,"1180":0,"1181":0,"1182":0,"1183":0,"1187":0,"1195":1,"1205":1,"1220":1,"1221":0,"1222":0,"1223":0,"1224":0,"1228":1,"1231":1,"1234":1,"1242":0,"1253":0,"1259":0,"1260":0,"1261":0,"1268":0,"1274":0,"1275":0,"1276":0,"1277":0,"1286":0,"1287":0,"1304":0,"1305":0,"1306":0,"1307":0,"1308":0,"1309":0,"1310":0,"1311":0,"1312":0,"1314":0,"1321":0,"1322":0,"1329":0,"1330":0,"1336":0,"1337":0,"1343":0,"1351":0,"1352":0,"1353":0,"1354":0,"1355":0,"1356":0,"1358":0,"1365":0,"1388":1,"1389":0,"1392":0,"1398":0,"1401":0,"1402":0,"1406":0,"1407":0,"1408":0,"1412":0,"1413":0,"1414":0,"1419":0,"1420":0,"1421":0,"1422":0,"1423":0,"1424":0,"1425":0,"1430":0,"1431":0,"1435":0,"1436":0,"1437":0,"1438":0,"1439":0,"1443":0,"1444":0,"1445":0,"1449":1,"1459":1,"1460":0,"1468":1,"1469":0,"1470":0,"1471":0,"1472":0,"1477":1,"1478":1,"1479":1,"1480":1,"1483":1,"1496":0,"1497":0,"1498":0,"1499":0,"1501":0,"1502":0,"1503":0,"1504":0,"1505":0,"1506":0,"1507":0,"1508":0,"1511":0,"1517":0,"1522":0,"1523":0,"1530":0,"1531":0,"1532":0,"1533":0,"1534":0,"1541":0,"1544":0,"1547":0,"1554":0,"1555":0,"1557":0,"1558":0,"1572":1,"1573":1,"1574":1,"1577":1,"1578":0,"1579":0,"1584":1,"1587":1,"1590":1,"1593":1,"1596":1,"1604":0,"1605":0,"1610":0,"1611":0,"1612":0,"1619":0,"1625":0,"1626":0,"1632":0,"1633":0,"1638":0,"1641":0,"1646":0,"1647":0,"1648":0,"1650":0,"1653":0,"1659":0,"1660":0,"1664":0,"1665":0,"1666":0,"1667":0,"1668":0,"1669":0,"1670":0,"1671":0,"1672":0,"1675":0,"1679":0,"1683":0,"1684":0,"1685":0,"1687":0,"1691":0,"1692":0,"1700":0,"1701":0,"1702":0,"1703":0,"1704":0,"1705":0,"1707":0,"1708":0,"1709":0,"1710":0,"1714":0,"1715":0,"1720":0,"1721":0,"1722":0,"1723":0,"1724":0,"1725":0,"1728":0,"1735":0,"1736":0,"1740":0,"1741":0,"1742":0,"1743":0,"1747":0,"1748":0,"1749":0,"1753":0,"1754":0,"1760":0,"1766":0,"1770":0,"1771":0,"1774":0,"1775":0,"1776":0,"1784":0,"1785":0,"1786":0,"1787":0,"1788":0,"1789":0,"1802":0,"1803":0,"1806":0,"1809":0,"1810":0,"1811":0,"1813":0,"1816":0,"1818":0,"1819":0,"1822":0,"1823":0,"1827":0,"1828":0,"1829":0,"1830":0,"1835":0,"1836":0,"1837":0,"1840":0,"1846":0,"1848":0,"1854":0,"1855":0,"1856":0,"1859":0,"1866":1,"1874":1,"1875":0,"1876":0,"1881":0,"1882":0,"1884":0,"1888":0,"1892":0,"1893":0,"1897":0,"1899":0,"1903":1,"1906":1,"1907":0,"1911":1,"1912":0,"1913":0,"1914":0,"1915":0,"1919":1}}}